+-----------+--------------+------------+-------------+--+------------+
|     1     |  0.02884865  | 0.37503242 |  0.84090233 |  | 2.43353844 |
|     2     |  0.02551079  | 0.36144257 |  0.83875656 |  | 2.40325928 |
|     3     |  0.02479553  | 0.35643578 |  0.83613396 |  | 2.38919258 |
|     4     |  0.02384186  | 0.36311150 |  0.83398819 |  | 2.40278244 |
|     5     |  0.02431870  | 0.42891502 |  0.83851814 |  | 2.48336792 |
|     6     |  0.02360344  | 0.36263466 |  0.83327293 |  | 2.39586830 |
|     7     |  0.02336502  | 0.35500526 |  0.83231926 |  | 2.40015984 |
|     8     |  0.02312660  | 0.35500526 |  0.83637238 |  | 2.38609314 |
|     9     |  0.02288818  | 0.35643578 |  0.83374977 |  | 2.38275528 |
|     10    |  0.02264977  | 0.35667419 |  0.83494186 |  | 2.39062309 |
|     11    |  0.02264977  | 0.35429001 |  0.83541870 |  | 2.38466263 |
|     12    |  0.02288818  | 0.35953522 |  0.83255768 |  | 2.38871574 |
|     13    |  0.02264977  | 0.35595894 |  0.84710121 |  | 2.39729881 |
|     14    |  0.02312660  | 0.36096573 |  0.83565712 |  | 2.39443779 |
|     15    |  0.02264977  | 0.35405159 |  0.82969666 |  | 2.37798691 |
|     16    |  0.02241135  | 0.35500526 |  0.83446503 |  | 2.37774849 |
|     17    |  0.02241135  | 0.35643578 |  0.83661079 |  | 2.38418579 |
|     18    |  0.02241135  | 0.35548210 |  0.83279610 |  | 2.38251686 |
|     19    |  0.02241135  | 0.35786629 |  0.83422661 |  | 2.38442421 |
|     20    |  0.02217293  | 0.36883354 |  0.83017349 |  | 2.40302086 |
|     21    |  0.02264977  | 0.35786629 |  0.83351135 |  | 2.38847733 |
|     22    |  0.02264977  | 0.35905838 |  0.83661079 |  | 2.38943100 |
|     23    |  0.02264977  | 0.35476685 |  0.84066391 |  | 2.39181519 |
|     24    |  0.02264977  | 0.35810471 |  0.83756447 |  | 2.38823891 |
|     25    |  0.02264977  | 0.35881996 |  0.83613396 |  | 2.39586830 |
|     26    |  0.02312660  | 0.36978722 |  0.84519386 |  | 2.41875648 |
|     27    |  0.02455711  | 0.36621094 |  0.83541870 |  | 2.40468979 |
|     28    |  0.02312660  | 0.42486191 |  0.83732605 |  | 2.47359276 |
|     29    |  0.02431870  | 0.35452843 |  0.83756447 |  | 2.38847733 |
|     30    |  0.02288818  | 0.36048889 |  0.83875656 |  | 2.39849091 |
|     31    |  0.02336502  | 0.35667419 |  0.83422661 |  | 2.38585472 |
|     32    |  0.02241135  | 0.35572052 |  0.83613396 |  | 2.38728523 |
|     33    |  0.02217293  | 0.35667419 |  0.84042549 |  | 2.45022774 |
|     34    |  0.02431870  | 0.38266182 |  0.84114075 |  | 2.45547295 |
|     35    |  0.02384186  | 0.35691261 |  0.83827972 |  | 2.39253044 |
|     36    |  0.02336502  | 0.35643578 |  0.84090233 |  | 2.40015984 |
|     37    |  0.02312660  | 0.35405159 |  0.83971024 |  | 2.39205360 |
|     38    |  0.02264977  | 0.36120415 |  0.83947182 |  | 2.39729881 |
|     39    |  0.02241135  | 0.36883354 |  0.82945824 |  | 2.40230560 |
|     40    |  0.02241135  | 0.35572052 |  0.83875656 |  | 2.39038467 |
|     41    |  0.02264977  | 0.35667419 |  0.83518028 |  | 2.39109993 |
|     42    |  0.02431870  | 0.35166740 |  0.84018707 |  | 2.39157677 |
|     43    |  0.02312660  | 0.35762787 |  0.84042549 |  | 2.38943100 |
|     44    |  0.02264977  | 0.35572052 |  0.86736679 |  | 2.45761871 |
|     45    |  0.02789497  | 0.36573410 |  0.83732605 |  | 2.40373611 |
|     46    |  0.02336502  | 0.36120415 |  0.83661079 |  | 2.39467621 |
|     47    |  0.02360344  | 0.35452843 |  0.83613396 |  | 2.39038467 |
|     48    |  0.02312660  | 0.35333633 |  0.84185600 |  | 2.39920616 |
|     49    |  0.02336502  | 0.35667419 |  0.83708763 |  | 2.38776207 |
|     50    |  0.02264977  | 0.35309792 |  0.83613396 |  | 2.38394737 |
|     51    |  0.02288818  | 0.35738945 |  0.83589554 |  | 2.39610672 |
|     52    |  0.02288818  | 0.35667419 |  0.83684921 |  | 2.39658356 |
|     53    |  0.02694130  | 0.35405159 |  0.84137917 |  | 2.50458717 |
|     54    |  0.02455711  | 0.36311150 |  0.83804131 |  | 2.40087509 |
|     55    |  0.02336502  | 0.35643578 |  0.83160400 |  | 2.38943100 |
|     56    |  0.02288818  | 0.35381317 |  0.83875656 |  | 2.39419937 |
|     57    |  0.02312660  | 0.35905838 |  0.84161758 |  | 2.39539146 |
|     58    |  0.02312660  | 0.35667419 |  0.83398819 |  | 2.38561630 |
|     59    |  0.02288818  | 0.35667419 |  0.83446503 |  | 2.38943100 |
|     60    |  0.02384186  | 0.36168098 |  0.83661079 |  | 2.39825249 |
|     61    |  0.02241135  | 0.35357475 |  0.84352493 |  | 2.39729881 |
|     62    |  0.02312660  | 0.36120415 |  0.83661079 |  | 2.39515305 |
|     63    |  0.02264977  | 0.35619736 |  0.83327293 |  | 2.38466263 |
|     64    |  0.02264977  | 0.35667419 |  0.83875656 |  | 2.39014626 |
|     65    |  0.02264977  | 0.36168098 |  0.83327293 |  | 2.38823891 |
|     66    |  0.02264977  | 0.35381317 |  0.83971024 |  | 2.39181519 |
|     67    |  0.02384186  | 0.36072731 |  0.83851814 |  | 2.39706039 |
|     68    |  0.02288818  | 0.35524368 |  0.83923340 |  | 2.39706039 |
|     69    |  0.02336502  | 0.36120415 |  0.84471703 |  | 2.41589546 |
|     70    |  0.02360344  | 0.36668777 |  0.84662437 |  | 2.42209435 |
|     71    |  0.02312660  | 0.35929680 |  0.83684921 |  | 2.40516663 |
|     72    |  0.02503395  | 0.36120415 |  0.83947182 |  | 2.39634514 |
|     73    |  0.02264977  | 0.36048889 |  0.83971024 |  | 2.39443779 |
|     74    |  0.02336502  | 0.35429001 |  0.83899498 |  | 2.39014626 |
|     75    |  0.02241135  | 0.35881996 |  0.83947182 |  | 2.39658356 |
|     76    |  0.02264977  | 0.35500526 |  0.83398819 |  | 2.39014626 |
|     77    |  0.03266335  | 0.35524368 |  0.84042549 |  | 2.38680840 |
|     78    |  0.02336502  | 0.36287308 |  0.83827972 |  | 2.40254402 |
|     79    |  0.02288818  | 0.35643578 |  0.83589554 |  | 2.39229202 |
|     80    |  0.02312660  | 0.35548210 |  0.83589554 |  | 2.39181519 |
|     81    |  0.02312660  | 0.36001205 |  0.83684921 |  | 2.38990784 |
|     82    |  0.02360344  | 0.36025047 |  0.84185600 |  | 2.40492821 |
|     83    |  0.02288818  | 0.36025047 |  0.83780289 |  | 2.39777565 |
|     84    |  0.02264977  | 0.35429001 |  0.83804131 |  | 2.39205360 |
|     85    |  0.02217293  | 0.35548210 |  0.84280968 |  | 2.39682198 |
|     86    |  0.02288818  | 0.35905838 |  0.83851814 |  | 2.39205360 |
|     87    |  0.02264977  | 0.35357475 |  0.83923340 |  | 2.39300728 |
|     88    |  0.02241135  | 0.35500526 |  0.84018707 |  | 2.39086151 |
|     89    |  0.02217293  | 0.35834312 |  0.84280968 |  | 2.40349770 |
|     90    |  0.02264977  | 0.35524368 |  0.83827972 |  | 2.38966942 |
|     91    |  0.02241135  | 0.35738945 |  0.83804131 |  | 2.39491463 |
|     92    |  0.02264977  | 0.35500526 |  0.83494186 |  | 2.39086151 |
|     93    |  0.02217293  | 0.35595894 |  0.84066391 |  | 2.39181519 |
|     94    |  0.02241135  | 0.35953522 |  0.83923340 |  | 2.39706039 |
|     95    |  0.02217293  | 0.35452843 |  0.89669228 |  | 2.44951248 |
|     96    |  0.02503395  | 0.36597252 |  0.84114075 |  | 2.41017342 |
|     97    |  0.02264977  | 0.35953522 |  0.84018707 |  | 2.39777565 |
|     98    |  0.02312660  | 0.35405159 |  0.83565712 |  | 2.38513947 |
|     99    |  0.02241135  | 0.36072731 |  0.83804131 |  | 2.39920616 |
|    100    |  0.02288818  | 0.36096573 |  0.83661079 |  | 2.40182877 |
|    101    |  0.02288818  | 0.35667419 |  0.83708763 |  | 2.39133835 |
|    102    |  0.02241135  | 0.35929680 |  0.84090233 |  | 2.39777565 |
|    103    |  0.02264977  | 0.35524368 |  0.84352493 |  | 2.39181519 |
|    104    |  0.02670288  | 0.36168098 |  0.83923340 |  | 2.40206718 |
|    105    |  0.02217293  | 0.35262108 |  0.83136559 |  | 2.38633156 |
|    106    |  0.02503395  | 0.35500526 |  0.83708763 |  | 2.39586830 |
|    107    |  0.02217293  | 0.36144257 |  0.84233284 |  | 2.40278244 |
|    108    |  0.02217293  | 0.35691261 |  0.83398819 |  | 2.39300728 |
|    109    |  0.02217293  | 0.35548210 |  0.83899498 |  | 2.39133835 |
|    110    |  0.02264977  | 0.36001205 |  0.83637238 |  | 2.42090225 |
|    111    |  0.02264977  | 0.35595894 |  0.83732605 |  | 2.39038467 |
|    112    |  0.02217293  | 0.35953522 |  0.84161758 |  | 2.40182877 |
|    113    |  0.02217293  | 0.35500526 |  0.83470345 |  | 2.39038467 |
|    114    |  0.02264977  | 0.35834312 |  0.84066391 |  | 2.39992142 |
|    115    |  0.02169609  | 0.36168098 |  0.83804131 |  | 2.40612030 |
|    116    |  0.02241135  | 0.35500526 |  0.84185600 |  | 2.39276886 |
|    117    |  0.02264977  | 0.35762787 |  0.84161758 |  | 2.39896774 |
|    118    |  0.02264977  | 0.35881996 |  0.83851814 |  | 2.39396095 |
|    119    |  0.02336502  | 0.35429001 |  0.83994865 |  | 2.39276886 |
|    120    |  0.02288818  | 0.36001205 |  0.83923340 |  | 2.40254402 |
|    121    |  0.02241135  | 0.35333633 |  0.83875656 |  | 2.39491463 |
|    122    |  0.02288818  | 0.35691261 |  0.83899498 |  | 2.39181519 |
|    123    |  0.02264977  | 0.36239624 |  0.84233284 |  | 2.40635872 |
|    124    |  0.02241135  | 0.35476685 |  0.84304810 |  | 2.39944458 |
|    125    |  0.02241135  | 0.35262108 |  0.84137917 |  | 2.39038467 |
|    126    |  0.02264977  | 0.35309792 |  0.84447861 |  | 2.39968300 |
|    127    |  0.02264977  | 0.35476685 |  0.84137917 |  | 2.39849091 |
|    128    |  0.02217293  | 0.36025047 |  0.84114075 |  | 2.40063667 |
|    129    |  0.02241135  | 0.35500526 |  0.83589554 |  | 2.39276886 |
|    130    |  0.02288818  | 0.35762787 |  0.84161758 |  | 2.39968300 |
|    131    |  0.02288818  | 0.35905838 |  0.84209442 |  | 2.40230560 |
|    132    |  0.02241135  | 0.36191940 |  0.83971024 |  | 2.40492821 |
|    133    |  0.02241135  | 0.36120415 |  0.84185600 |  | 2.40302086 |
|    134    |  0.02241135  | 0.35881996 |  0.83613396 |  | 2.39896774 |
|    135    |  0.02598763  | 0.35524368 |  0.84233284 |  | 2.39872932 |
|    136    |  0.02264977  | 0.36048889 |  0.84137917 |  | 2.40468979 |
|    137    |  0.02241135  | 0.35643578 |  0.83470345 |  | 2.38990784 |
|    138    |  0.02217293  | 0.35595894 |  0.84185600 |  | 2.39539146 |
|    139    |  0.02193451  | 0.36096573 |  0.83971024 |  | 2.40039825 |
|    140    |  0.02288818  | 0.35834312 |  0.84447861 |  | 2.41613388 |
|    141    |  0.02336502  | 0.36120415 |  0.85735321 |  | 2.67314911 |
|    142    |  0.02837181  | 0.37002563 |  0.84137917 |  | 2.42257118 |
|    143    |  0.02408028  | 0.35667419 |  0.83446503 |  | 2.39253044 |
|    144    |  0.02288818  | 0.35476685 |  0.84090233 |  | 2.38871574 |
|    145    |  0.02384186  | 0.36025047 |  0.83827972 |  | 2.39396095 |
|    146    |  0.02312660  | 0.35214424 |  0.89406967 |  | 2.44402885 |
|    147    |  0.04053116  | 0.44465065 |  0.84209442 |  | 2.50601768 |
|    148    |  0.02431870  | 0.36287308 |  0.83971024 |  | 2.40230560 |
|    149    |  0.02384186  | 0.35667419 |  0.82826614 |  | 2.38585472 |
|    150    |  0.02312660  | 0.35285950 |  0.83851814 |  | 2.38418579 |
|    151    |  0.02288818  | 0.35953522 |  0.83827972 |  | 2.39253044 |
|    152    |  0.02264977  | 0.35452843 |  0.85330009 |  | 2.40445137 |
|    153    |  0.04959106  | 0.49042702 |  0.84185600 |  | 2.55799294 |
|    154    |  0.02455711  | 0.36191940 |  0.84018707 |  | 2.40111351 |
|    155    |  0.02336502  | 0.35595894 |  0.83494186 |  | 2.39467621 |
|    156    |  0.02455711  | 0.35715103 |  0.83899498 |  | 2.40135193 |
|    157    |  0.02288818  | 0.37169456 |  0.83923340 |  | 2.40945816 |
|    158    |  0.02264977  | 0.35715103 |  0.83875656 |  | 2.39205360 |
|    159    |  0.02264977  | 0.35643578 |  0.84543228 |  | 2.55703926 |
|    160    |  0.02455711  | 0.35953522 |  0.83303452 |  | 2.38728523 |
|    161    |  0.02241135  | 0.35333633 |  0.83589554 |  | 2.38561630 |
|    162    |  0.02360344  | 0.36025047 |  0.88500977 |  | 2.44069099 |
|    163    |  0.02670288  | 0.37240982 |  0.84137917 |  | 2.42495537 |
|    164    |  0.02384186  | 0.36048889 |  0.84090233 |  | 2.39872932 |
|    165    |  0.02336502  | 0.36597252 |  0.85401535 |  | 2.54559517 |
|    166    |  0.02574921  | 0.36430359 |  0.83804131 |  | 2.40302086 |
|    167    |  0.02288818  | 0.35619736 |  0.84018707 |  | 2.39682198 |
|    168    |  0.02336502  | 0.35953522 |  0.83947182 |  | 2.39396095 |
|    169    |  0.02264977  | 0.35858154 |  0.83708763 |  | 2.40516663 |
|    170    |  0.02288818  | 0.35452843 |  0.83732605 |  | 2.38490105 |
|    171    |  0.02264977  | 0.35810471 |  0.94342232 |  | 2.49385834 |
|    172    |  0.04267693  | 0.36811829 |  0.84090233 |  | 2.42638588 |
|    173    |  0.02408028  | 0.35524368 |  0.83374977 |  | 2.39539146 |
|    174    |  0.02384186  | 0.36191940 |  0.83494186 |  | 2.39467621 |
|    175    |  0.02312660  | 0.35619736 |  0.83565712 |  | 2.39872932 |
|    176    |  0.02264977  | 0.35667419 |  0.83708763 |  | 2.39062309 |
|    177    |  0.02264977  | 0.36334991 |  0.84114075 |  | 2.40325928 |
|    178    |  0.02264977  | 0.35977364 |  0.84400177 |  | 2.57372856 |
|    179    |  0.02408028  | 0.36239624 |  0.84400177 |  | 2.41494179 |
|    180    |  0.02288818  | 0.36549568 |  0.84447861 |  | 2.41398811 |
|    181    |  0.02264977  | 0.35834312 |  0.83708763 |  | 2.40206718 |
|    182    |  0.02264977  | 0.35715103 |  0.84424019 |  | 2.45523453 |
|    183    |  0.02431870  | 0.36263466 |  0.83661079 |  | 2.39753723 |
|    184    |  0.02288818  | 0.35643578 |  0.84686279 |  | 2.44140625 |
|    185    |  0.02455711  | 0.41222572 |  0.83804131 |  | 2.59637833 |
|    186    |  0.02431870  | 0.36334991 |  0.84161758 |  | 2.40397453 |
|    187    |  0.02336502  | 0.35905838 |  0.83231926 |  | 2.39682198 |
|    188    |  0.02264977  | 0.35929680 |  0.83684921 |  | 2.38728523 |
|    189    |  0.02264977  | 0.36025047 |  0.83780289 |  | 2.40659714 |
|    190    |  0.02264977  | 0.35834312 |  0.87976456 |  | 2.43949890 |
|    191    |  0.02837181  | 0.36692619 |  0.84018707 |  | 2.41422653 |
|    192    |  0.02360344  | 0.36454201 |  0.84114075 |  | 2.40397453 |
|    193    |  0.02336502  | 0.35667419 |  0.83804131 |  | 2.39109993 |
|    194    |  0.02288818  | 0.36215782 |  0.83661079 |  | 2.39157677 |
|    195    |  0.02241135  | 0.35572052 |  0.83732605 |  | 2.39896774 |
|    196    |  0.02241135  | 0.36191940 |  0.88858604 |  | 2.44903564 |
|    197    |  0.02884865  | 0.37240982 |  0.84400177 |  | 2.43186951 |
|    198    |  0.02288818  | 0.36168098 |  0.83518028 |  | 2.40325928 |
|    199    |  0.02288818  | 0.35786629 |  0.84018707 |  | 2.39586830 |
|    200    |  0.02360344  | 0.36239624 |  0.83827972 |  | 2.39682198 |
|    201    |  0.02264977  | 0.35619736 |  0.83971024 |  | 2.39253044 |
|    202    |  0.02312660  | 0.35500526 |  0.83708763 |  | 2.38513947 |
|    203    |  0.02217293  | 0.37741661 |  0.84066391 |  | 2.42090225 |
|    204    |  0.02360344  | 0.35738945 |  0.84137917 |  | 2.39515305 |
|    205    |  0.02312660  | 0.36120415 |  0.83565712 |  | 2.39729881 |
|    206    |  0.02241135  | 0.35643578 |  0.83065033 |  | 2.39038467 |
|    207    |  0.02241135  | 0.35429001 |  0.83827972 |  | 2.39253044 |
|    208    |  0.02264977  | 0.36406517 |  0.84042549 |  | 2.40302086 |
|    209    |  0.02217293  | 0.35643578 |  0.83804131 |  | 2.39825249 |
|    210    |  0.02193451  | 0.35095215 |  0.85210800 |  | 2.39181519 |
|    211    |  0.02360344  | 0.35548210 |  0.82278252 |  | 2.36105919 |
|    212    |  0.02551079  | 0.34713745 |  0.81276894 |  | 2.32720375 |
|    213    |  0.02169609  | 0.34546852 |  0.80633163 |  | 2.31289864 |
|    214    |  0.02145767  | 0.34427643 |  0.79870224 |  | 2.29787827 |
|    215    |  0.02145767  | 0.34093857 |  0.79607964 |  | 2.27546692 |
|    216    |  0.02145767  | 0.33664703 |  0.78201294 |  | 2.27046013 |
|    217    |  0.02145767  | 0.33903122 |  0.78201294 |  | 2.24208832 |
|    218    |  0.02074242  | 0.33044815 |  0.77390671 |  | 2.21085548 |
|    219    |  0.02050400  | 0.32734871 |  0.79560280 |  | 2.22587585 |
|    220    |  0.02360344  | 0.33187866 |  0.75697899 |  | 2.18129158 |
|    221    |  0.02074242  | 0.32353401 |  0.75149536 |  | 2.16126442 |
|    222    |  0.02002716  | 0.34880638 |  0.77152252 |  | 2.25281715 |
|    223    |  0.02741814  | 0.42939186 |  0.74839592 |  | 2.26688385 |
|    224    |  0.02264977  | 0.32305717 |  0.74529648 |  | 2.14028358 |
|    225    |  0.02408028  | 0.32210350 |  0.74577332 |  | 2.13861465 |
|    226    |  0.02074242  | 0.31900406 |  0.74505806 |  | 2.12693214 |
|    227    |  0.02002716  | 0.32353401 |  0.74863434 |  | 2.14290619 |
|    228    |  0.02074242  | 0.31995773 |  0.74672699 |  | 2.13837624 |
|    229    |  0.02026558  | 0.32138824 |  0.75268745 |  | 2.15435028 |
|    230    |  0.02026558  | 0.32258034 |  0.75292587 |  | 2.29549408 |
|    231    |  0.02169609  | 0.32043457 |  0.75030327 |  | 2.14385986 |
|    232    |  0.02121925  | 0.32186508 |  0.74672699 |  | 2.13551521 |
|    233    |  0.02026558  | 0.32043457 |  0.71644783 |  | 2.08401680 |
|    234    |  0.01978874  | 0.30493736 |  0.74481964 |  | 2.08926201 |
|    235    |  0.02145767  | 0.31805038 |  0.72622299 |  | 2.09689140 |
|    236    |  0.01978874  | 0.31447411 |  0.74720383 |  | 2.09736824 |
|    237    |  0.01955032  | 0.31995773 |  0.75578690 |  | 2.18319893 |
|    238    |  0.02193451  | 0.31685829 |  0.74458122 |  | 2.13789940 |
|    239    |  0.02074242  | 0.32305717 |  0.74386597 |  | 2.13646889 |
|    240    |  0.02002716  | 0.30589104 |  0.73003769 |  | 2.06446648 |
|    241    |  0.02002716  | 0.31280518 |  0.74720383 |  | 2.10452080 |
|    242    |  0.02098083  | 0.32687187 |  0.71525574 |  | 2.10189819 |
|    243    |  0.01931190  | 0.30589104 |  0.74267387 |  | 2.08258629 |
|    244    |  0.02002716  | 0.32997131 |  0.74648857 |  | 2.18081474 |
|    245    |  0.02098083  | 0.31495094 |  0.72336197 |  | 2.06422806 |
|    246    |  0.02026558  | 0.30851364 |  0.73361397 |  | 2.08902359 |
|    247    |  0.02026558  | 0.30899048 |  0.72431564 |  | 2.08067894 |
|    248    |  0.01955032  | 0.30827522 |  0.72503090 |  | 2.07424164 |
|    249    |  0.01931190  | 0.31304359 |  0.72121620 |  | 2.06971169 |
|    250    |  0.02813339  | 0.30946732 |  0.73099136 |  | 2.07543373 |
|    251    |  0.01955032  | 0.30970573 |  0.73099136 |  | 2.08711624 |
|    252    |  0.01955032  | 0.31137466 |  0.72574615 |  | 2.07519531 |
|    253    |  0.01955032  | 0.30994415 |  0.72121620 |  | 2.07734108 |
|    254    |  0.01978874  | 0.30708313 |  0.73099136 |  | 2.08091736 |
|    255    |  0.01955032  | 0.31113625 |  0.72741508 |  | 2.08044052 |
|    256    |  0.01931190  | 0.31113625 |  0.72503090 |  | 2.08115578 |
|    257    |  0.01978874  | 0.30875206 |  0.73075294 |  | 2.08210945 |
|    258    |  0.01955032  | 0.30827522 |  0.74553490 |  | 2.10881233 |
|    259    |  0.01978874  | 0.32639503 |  0.71668625 |  | 2.07614899 |
|    260    |  0.01931190  | 0.31185150 |  0.72932243 |  | 2.09331512 |
|    261    |  0.02074242  | 0.30827522 |  0.73051453 |  | 2.08377838 |
|    262    |  0.01978874  | 0.30970573 |  0.73122978 |  | 2.07996368 |
|    263    |  0.02002716  | 0.31495094 |  0.72431564 |  | 2.08568573 |
|    264    |  0.02002716  | 0.30851364 |  0.73003769 |  | 2.08544731 |
|    265    |  0.01955032  | 0.31042099 |  0.73218346 |  | 2.08210945 |
|    266    |  0.01931190  | 0.30684471 |  0.73051453 |  | 2.07567215 |
|    267    |  0.01955032  | 0.31304359 |  0.73051453 |  | 2.09331512 |
|    268    |  0.02384186  | 0.30875206 |  0.73146820 |  | 2.08091736 |
|    269    |  0.01955032  | 0.31161308 |  0.75483322 |  | 2.10881233 |
|    270    |  0.02050400  | 0.46205521 |  0.76103210 |  | 2.71868706 |
|    271    |  0.02503395  | 0.33140182 |  0.71454048 |  | 2.12979317 |
|    272    |  0.02121925  | 0.30875206 |  0.73719025 |  | 2.09045410 |
|    273    |  0.02074242  | 0.31542778 |  0.73385239 |  | 2.11715698 |
|    274    |  0.02050400  | 0.31208992 |  0.72216988 |  | 2.06995010 |
|    275    |  0.02002716  | 0.31018257 |  0.72097778 |  | 2.06565857 |
|    276    |  0.02002716  | 0.31232834 |  0.72908401 |  | 2.07757950 |
|    277    |  0.02026558  | 0.30636787 |  0.73051453 |  | 2.06804276 |
|    278    |  0.02026558  | 0.31304359 |  0.72264671 |  | 2.07233429 |
|    279    |  0.02002716  | 0.31232834 |  0.72574615 |  | 2.08353996 |
|    280    |  0.01978874  | 0.31638145 |  0.73480606 |  | 2.11143494 |
|    281    |  0.01931190  | 0.30946732 |  0.72097778 |  | 2.05135345 |
|    282    |  0.01955032  | 0.31638145 |  0.72360039 |  | 2.07281113 |
|    283    |  0.01955032  | 0.31065941 |  0.72121620 |  | 2.06851959 |
|    284    |  0.01978874  | 0.30517578 |  0.72932243 |  | 2.07018852 |
|    285    |  0.02002716  | 0.31018257 |  0.73194504 |  | 2.08163261 |
|    286    |  0.01978874  | 0.31375885 |  0.72002411 |  | 2.06637383 |
|    287    |  0.01955032  | 0.30732155 |  0.72288513 |  | 2.06685066 |
|    288    |  0.01978874  | 0.30779839 |  0.72813034 |  | 2.07138062 |
|    289    |  0.02026558  | 0.30875206 |  0.72097778 |  | 2.09140778 |
|    290    |  0.02026558  | 0.31375885 |  0.72455406 |  | 2.07471848 |
|    291    |  0.01978874  | 0.30755997 |  0.72360039 |  | 2.06828117 |
|    292    |  0.01978874  | 0.31042099 |  0.72479248 |  | 2.07257271 |
|    293    |  0.01955032  | 0.31042099 |  0.71978569 |  | 2.06971169 |
|    294    |  0.01907349  | 0.31304359 |  0.72956085 |  | 2.08735466 |
|    295    |  0.01955032  | 0.30994415 |  0.72789192 |  | 2.08425522 |
|    296    |  0.02002716  | 0.31352043 |  0.72836876 |  | 2.08091736 |
|    297    |  0.01978874  | 0.31185150 |  0.74529648 |  | 2.10332870 |
|    298    |  0.02026558  | 0.31614304 |  0.74505806 |  | 2.13694572 |
|    299    |  0.02002716  | 0.30517578 |  0.72717667 |  | 2.06375122 |
|    300    |  0.02026558  | 0.31137466 |  0.72193146 |  | 2.07304955 |
|    301    |  0.01955032  | 0.31208992 |  0.72431564 |  | 2.07710266 |
|    302    |  0.02193451  | 0.32305717 |  0.75101852 |  | 2.14457512 |
|    303    |  0.02145767  | 0.31065941 |  0.72717667 |  | 2.07114220 |
|    304    |  0.02050400  | 0.31137466 |  0.72026253 |  | 2.07233429 |
|    305    |  0.02002716  | 0.30589104 |  0.72479248 |  | 2.06685066 |
|    306    |  0.01955032  | 0.30803680 |  0.72431564 |  | 2.06780434 |
|    307    |  0.01978874  | 0.31137466 |  0.72622299 |  | 2.07924843 |
|    308    |  0.01978874  | 0.31614304 |  0.72455406 |  | 2.08306313 |
|    309    |  0.01978874  | 0.30970573 |  0.72741508 |  | 2.07662582 |
|    310    |  0.01955032  | 0.31781197 |  0.73051453 |  | 2.10833549 |
|    311    |  0.02503395  | 0.31828880 |  0.72717667 |  | 2.09283829 |
|    312    |  0.02002716  | 0.31399727 |  0.72836876 |  | 2.08616257 |
|    313    |  0.02121925  | 0.30875206 |  0.72646141 |  | 2.07448006 |
|    314    |  0.01955032  | 0.30922890 |  0.72765350 |  | 2.07448006 |
|    315    |  0.01931190  | 0.31518936 |  0.72336197 |  | 2.07805634 |
|    316    |  0.02384186  | 0.30875206 |  0.72765350 |  | 2.07519531 |
|    317    |  0.01931190  | 0.30851364 |  0.74386597 |  | 2.09283829 |
|    318    |  0.02074242  | 0.31995773 |  0.72574615 |  | 2.08711624 |
|    319    |  0.01955032  | 0.30851364 |  0.73122978 |  | 2.08020210 |
|    320    |  0.01978874  | 0.32067299 |  0.74434280 |  | 2.13193893 |
|    321    |  0.01978874  | 0.30708313 |  0.73122978 |  | 2.06542015 |
|    322    |  0.02002716  | 0.31423569 |  0.78463554 |  | 2.17199326 |
|    323    |  0.02288818  | 0.33593178 |  0.75268745 |  | 2.16746330 |
|    324    |  0.02098083  | 0.31757355 |  0.78511238 |  | 2.18749046 |
|    325    |  0.02360344  | 0.32520294 |  0.81706047 |  | 2.26044655 |
|    326    |  0.02789497  | 0.43368340 |  0.75006485 |  | 2.28643417 |
|    327    |  0.02193451  | 0.32615662 |  0.74863434 |  | 2.14624405 |
|    328    |  0.02098083  | 0.32067299 |  0.74934959 |  | 2.14338303 |
|    329    |  0.02074242  | 0.32138824 |  0.74505806 |  | 2.13193893 |
|    330    |  0.02026558  | 0.31995773 |  0.74815750 |  | 2.13384628 |
|    331    |  0.02002716  | 0.31638145 |  0.87380409 |  | 2.35652924 |
|    332    |  0.02479553  | 0.32973289 |  0.75125694 |  | 2.15411186 |
|    333    |  0.02145767  | 0.31900406 |  0.87213516 |  | 2.25615501 |
|    334    |  0.02908707  | 0.34070015 |  0.74601173 |  | 2.17485428 |
|    335    |  0.02193451  | 0.31805038 |  0.75078011 |  | 2.14385986 |
|    336    |  0.02121925  | 0.31948090 |  0.74648857 |  | 2.13170052 |
|    337    |  0.02050400  | 0.32281876 |  0.74911118 |  | 2.13718414 |
|    338    |  0.02193451  | 0.32114983 |  0.76842308 |  | 2.35843658 |
|    339    |  0.02360344  | 0.32901764 |  0.74529648 |  | 2.14862823 |
|    340    |  0.02384186  | 0.31852722 |  0.74768066 |  | 2.13384628 |
|    341    |  0.02098083  | 0.31995773 |  0.74911118 |  | 2.13742256 |
|    342    |  0.02121925  | 0.32305717 |  0.74267387 |  | 2.12907791 |
|    343    |  0.02384186  | 0.31685829 |  0.74338913 |  | 2.12287903 |
|    344    |  0.02074242  | 0.31757355 |  0.74529648 |  | 2.12454796 |
|    345    |  0.02002716  | 0.31900406 |  0.75411797 |  | 2.17151642 |
|    346    |  0.02169609  | 0.31971931 |  0.74815750 |  | 2.13527679 |
|    347    |  0.02050400  | 0.32520294 |  0.75697899 |  | 2.17199326 |
|    348    |  0.02169609  | 0.32567978 |  0.76699257 |  | 2.34937668 |
|    349    |  0.02360344  | 0.32043457 |  0.74672699 |  | 2.13360786 |
|    350    |  0.02050400  | 0.31995773 |  0.73790550 |  | 2.11858749 |
|    351    |  0.02074242  | 0.31495094 |  0.74720383 |  | 2.12311745 |
|    352    |  0.02026558  | 0.31709671 |  0.74672699 |  | 2.17270851 |
|    353    |  0.02145767  | 0.32138824 |  0.73957443 |  | 2.12669373 |
|    354    |  0.02074242  | 0.31709671 |  0.74648857 |  | 2.12502480 |
|    355    |  0.02050400  | 0.31590462 |  0.74601173 |  | 2.12550163 |
|    356    |  0.02026558  | 0.31900406 |  0.74100494 |  | 2.12216377 |
|    357    |  0.02002716  | 0.31876564 |  0.74362755 |  | 2.12550163 |
|    358    |  0.02026558  | 0.31304359 |  0.74195862 |  | 2.13050842 |
|    359    |  0.01955032  | 0.32186508 |  0.75316429 |  | 2.19273567 |
|    360    |  0.02312660  | 0.32067299 |  0.71692467 |  | 2.06732750 |
|    361    |  0.01978874  | 0.31352043 |  0.73122978 |  | 2.08902359 |
|    362    |  0.01978874  | 0.31113625 |  0.72693825 |  | 2.07281113 |
|    363    |  0.02026558  | 0.32043457 |  0.72503090 |  | 2.10475922 |
|    364    |  0.01931190  | 0.30326843 |  0.74672699 |  | 2.08377838 |
|    365    |  0.01978874  | 0.31781197 |  0.76913834 |  | 2.14099884 |
|    366    |  0.02408028  | 0.33116341 |  0.75078011 |  | 2.15268135 |
|    367    |  0.02074242  | 0.32424927 |  0.74625015 |  | 2.14266777 |
|    368    |  0.02074242  | 0.30589104 |  0.72836876 |  | 2.06017494 |
|    369    |  0.02002716  | 0.31232834 |  0.73146820 |  | 2.09689140 |
|    370    |  0.02002716  | 0.31614304 |  0.71763992 |  | 2.06923485 |
|    371    |  0.01931190  | 0.30803680 |  0.74553490 |  | 2.10690498 |
|    372    |  0.02002716  | 0.32138824 |  0.74148178 |  | 2.12907791 |
|    373    |  0.01978874  | 0.31566620 |  0.74672699 |  | 2.12645531 |
|    374    |  0.01978874  | 0.31566620 |  0.71763992 |  | 2.10285187 |
|    375    |  0.01978874  | 0.30708313 |  0.72622299 |  | 2.06685066 |
|    376    |  0.01978874  | 0.32711029 |  0.76818466 |  | 2.15959549 |
|    377    |  0.02312660  | 0.32114983 |  0.74291229 |  | 2.13050842 |
|    378    |  0.02050400  | 0.30589104 |  0.72956085 |  | 2.06708908 |
|    379    |  0.02002716  | 0.31995773 |  0.73337555 |  | 2.11358070 |
|    380    |  0.02026558  | 0.31781197 |  0.74958801 |  | 2.12764740 |
|    381    |  0.02002716  | 0.30684471 |  0.73766708 |  | 2.07567215 |
|    382    |  0.02002716  | 0.31352043 |  0.72765350 |  | 2.09021568 |
|    383    |  0.01978874  | 0.31304359 |  0.73671341 |  | 2.10285187 |
|    384    |  0.02050400  | 0.31805038 |  0.76270103 |  | 2.14862823 |
|    385    |  0.02098083  | 0.34379959 |  0.74720383 |  | 2.16317177 |
|    386    |  0.02050400  | 0.32567978 |  0.74768066 |  | 2.14242935 |
|    387    |  0.02050400  | 0.35262108 |  0.74958801 |  | 2.26831436 |
|    388    |  0.02169609  | 0.32401085 |  0.74458122 |  | 2.13575363 |
|    389    |  0.02098083  | 0.31781197 |  0.74601173 |  | 2.13098526 |
|    390    |  0.01978874  | 0.31661987 |  0.77533722 |  | 2.16245651 |
|    391    |  0.02217293  | 0.32854080 |  0.74696541 |  | 2.14648247 |
|    392    |  0.02050400  | 0.31995773 |  0.74696541 |  | 2.13646889 |
|    393    |  0.02050400  | 0.31876564 |  0.74195862 |  | 2.12812424 |
|    394    |  0.02074242  | 0.32258034 |  0.74744225 |  | 2.13837624 |
|    395    |  0.02050400  | 0.31852722 |  0.74815750 |  | 2.13623047 |
|    396    |  0.02050400  | 0.31709671 |  0.74291229 |  | 2.13146210 |
|    397    |  0.02002716  | 0.32019615 |  0.74911118 |  | 2.13742256 |
|    398    |  0.01978874  | 0.31828880 |  0.74934959 |  | 2.14099884 |
|    399    |  0.02002716  | 0.31876564 |  0.74338913 |  | 2.13718414 |
|    400    |  0.02026558  | 0.32114983 |  0.74863434 |  | 2.13861465 |
|    401    |  0.02098083  | 0.31971931 |  0.74768066 |  | 2.14242935 |
|    402    |  0.02002716  | 0.32019615 |  0.74410439 |  | 2.13146210 |
|    403    |  0.02002716  | 0.31971931 |  0.74958801 |  | 2.13837624 |
|    404    |  0.02002716  | 0.31661987 |  0.74625015 |  | 2.13050842 |
|    405    |  0.01978874  | 0.32567978 |  0.74458122 |  | 2.13766098 |
|    406    |  0.01978874  | 0.31924248 |  0.74839592 |  | 2.13503838 |
|    407    |  0.02121925  | 0.31685829 |  0.74672699 |  | 2.13289261 |
|    408    |  0.02026558  | 0.32329559 |  0.74481964 |  | 2.13456154 |
|    409    |  0.01955032  | 0.31876564 |  0.74696541 |  | 2.13098526 |
|    410    |  0.02050400  | 0.31685829 |  0.74625015 |  | 2.12931633 |
|    411    |  0.02002716  | 0.31661987 |  0.74148178 |  | 2.12407112 |
|    412    |  0.02002716  | 0.31995773 |  0.75173378 |  | 2.14624405 |
|    413    |  0.02026558  | 0.32114983 |  0.74887276 |  | 2.14529037 |
|    414    |  0.02026558  | 0.32782555 |  0.74291229 |  | 2.13766098 |
|    415    |  0.02217293  | 0.31876564 |  0.74505806 |  | 2.13456154 |
|    416    |  0.02050400  | 0.31757355 |  0.74434280 |  | 2.12717056 |
|    417    |  0.01978874  | 0.32734871 |  0.74338913 |  | 2.13623047 |
|    418    |  0.02050400  | 0.31566620 |  0.74505806 |  | 2.12550163 |
|    419    |  0.02026558  | 0.31709671 |  0.76150894 |  | 2.14505196 |
|    420    |  0.02098083  | 0.32114983 |  0.74267387 |  | 2.13456154 |
|    421    |  0.01955032  | 0.30660629 |  0.73266029 |  | 2.07352638 |
|    422    |  0.01955032  | 0.30875206 |  0.74696541 |  | 2.11143494 |
|    423    |  0.02002716  | 0.31447411 |  0.74625015 |  | 2.09617615 |
|    424    |  0.01978874  | 0.32448769 |  0.75912476 |  | 2.35819817 |
|    425    |  0.02408028  | 0.32520294 |  0.74839592 |  | 2.14648247 |
|    426    |  0.02121925  | 0.32210350 |  0.74124336 |  | 2.13193893 |
|    427    |  0.02074242  | 0.31971931 |  0.74338913 |  | 2.12883949 |
|    428    |  0.02098083  | 0.31828880 |  0.75268745 |  | 2.13861465 |
|    429    |  0.02050400  | 0.31375885 |  0.72050095 |  | 2.05779076 |
|    430    |  0.02002716  | 0.32305717 |  0.74625015 |  | 2.15816498 |
|    431    |  0.02026558  | 0.32591820 |  0.74577332 |  | 2.13766098 |
|    432    |  0.02050400  | 0.32997131 |  0.76866150 |  | 2.17008591 |
|    433    |  0.02098083  | 0.31805038 |  0.73957443 |  | 2.15411186 |
|    434    |  0.02050400  | 0.34308434 |  0.80180168 |  | 2.21848488 |
|    435    |  0.02574921  | 0.31185150 |  0.74386597 |  | 2.12717056 |
|    436    |  0.02074242  | 0.31638145 |  0.74577332 |  | 2.10618973 |
|    437    |  0.02050400  | 0.31995773 |  0.71692467 |  | 2.07090378 |
|    438    |  0.01978874  | 0.31185150 |  0.72312355 |  | 2.07757950 |
|    439    |  0.01978874  | 0.30827522 |  0.72956085 |  | 2.09331512 |
|    440    |  0.01978874  | 0.30517578 |  0.73909760 |  | 2.08711624 |
|    441    |  0.02050400  | 0.31638145 |  0.74243546 |  | 2.12526321 |
|    442    |  0.02002716  | 0.31661987 |  0.74815750 |  | 2.12359428 |
|    443    |  0.02002716  | 0.31805038 |  0.73957443 |  | 2.12121010 |
|    444    |  0.01978874  | 0.31566620 |  0.74195862 |  | 2.12144852 |
|    445    |  0.02002716  | 0.32162666 |  0.74386597 |  | 2.13527679 |
|    446    |  0.02026558  | 0.31590462 |  0.74672699 |  | 2.12574005 |
|    447    |  0.01978874  | 0.31542778 |  0.74243546 |  | 2.14362144 |
|    448    |  0.02002716  | 0.32019615 |  0.74481964 |  | 2.13074684 |
|    449    |  0.01978874  | 0.31471252 |  0.74815750 |  | 2.12717056 |
|    450    |  0.02026558  | 0.31709671 |  0.74577332 |  | 2.12574005 |
|    451    |  0.02002716  | 0.32043457 |  0.74720383 |  | 2.13313103 |
|    452    |  0.01955032  | 0.31805038 |  0.74625015 |  | 2.12717056 |
|    453    |  0.01978874  | 0.31685829 |  0.74601173 |  | 2.13050842 |
|    454    |  0.02026558  | 0.32329559 |  0.74601173 |  | 2.13718414 |
|    455    |  0.02002716  | 0.31638145 |  0.73242188 |  | 2.11477280 |
|    456    |  0.01907349  | 0.31089783 |  0.72956085 |  | 2.07686424 |
|    457    |  0.01931190  | 0.31137466 |  0.72598457 |  | 2.08568573 |
|    458    |  0.01931190  | 0.30755997 |  0.74410439 |  | 2.11000443 |
|    459    |  0.02002716  | 0.31709671 |  0.74362755 |  | 2.09927559 |
|    460    |  0.02002716  | 0.32019615 |  0.71811676 |  | 2.10380554 |
|    461    |  0.01931190  | 0.30660629 |  0.73552132 |  | 2.07710266 |
|    462    |  0.01978874  | 0.31161308 |  0.74148178 |  | 2.09903717 |
|    463    |  0.02002716  | 0.32019615 |  0.72169304 |  | 2.11381912 |
|    464    |  0.01907349  | 0.30970573 |  0.72050095 |  | 2.06398964 |
|    465    |  0.01931190  | 0.30994415 |  0.73051453 |  | 2.08520889 |
|    466    |  0.01978874  | 0.30994415 |  0.74744225 |  | 2.09951401 |
|    467    |  0.02002716  | 0.32377243 |  0.74577332 |  | 2.13932991 |
|    468    |  0.01978874  | 0.31948090 |  0.74672699 |  | 2.13408470 |
|    469    |  0.02002716  | 0.31852722 |  0.72813034 |  | 2.11358070 |
|    470    |  0.01907349  | 0.32281876 |  0.73957443 |  | 2.13146210 |
|    471    |  0.02002716  | 0.30612946 |  0.74720383 |  | 2.09712982 |
|    472    |  0.02002716  | 0.31733513 |  0.72407722 |  | 2.08449364 |
|    473    |  0.01907349  | 0.30899048 |  0.75030327 |  | 2.09808350 |
|    474    |  0.01978874  | 0.31852722 |  0.74434280 |  | 2.12144852 |
|    475    |  0.02002716  | 0.31900406 |  0.72312355 |  | 2.08926201 |
|    476    |  0.01955032  | 0.31614304 |  0.74601173 |  | 2.13503838 |
|    477    |  0.01978874  | 0.31852722 |  0.72360039 |  | 2.07257271 |
|    478    |  0.01955032  | 0.30565262 |  0.72884560 |  | 2.07543373 |
|    479    |  0.01907349  | 0.30803680 |  0.72693825 |  | 2.08115578 |
|    480    |  0.02002716  | 0.31733513 |  0.74338913 |  | 2.11548805 |
|    481    |  0.02002716  | 0.31208992 |  0.72789192 |  | 2.07209587 |
|    482    |  0.02002716  | 0.30851364 |  0.72717667 |  | 2.07901001 |
|    483    |  0.02002716  | 0.31113625 |  0.72646141 |  | 2.07781792 |
|    484    |  0.01931190  | 0.31161308 |  0.72550774 |  | 2.07829475 |
|    485    |  0.02384186  | 0.32162666 |  0.74291229 |  | 2.13527679 |
|    486    |  0.01955032  | 0.30970573 |  0.72956085 |  | 2.07376480 |
|    487    |  0.02002716  | 0.31566620 |  0.72765350 |  | 2.09879875 |
|    488    |  0.02002716  | 0.31232834 |  0.72979927 |  | 2.08282471 |
|    489    |  0.01955032  | 0.30851364 |  0.74934959 |  | 2.11262703 |
|    490    |  0.02026558  | 0.31757355 |  0.72050095 |  | 2.08950043 |
|    491    |  0.01978874  | 0.31757355 |  0.72455406 |  | 2.08377838 |
|    492    |  0.01978874  | 0.31113625 |  0.72813034 |  | 2.07829475 |
|    493    |  0.01955032  | 0.31042099 |  0.74124336 |  | 2.09164619 |
|    494    |  0.02002716  | 0.32114983 |  0.71573257 |  | 2.10642815 |
|    495    |  0.01883507  | 0.30946732 |  0.72717667 |  | 2.07281113 |
|    496    |  0.01931190  | 0.30779839 |  0.74744225 |  | 2.11668015 |
|    497    |  0.02002716  | 0.31757355 |  0.72598457 |  | 2.08902359 |
|    498    |  0.01955032  | 0.31781197 |  0.74386597 |  | 2.13170052 |
|    499    |  0.01978874  | 0.30636787 |  0.73075294 |  | 2.06851959 |
|    500    |  0.02002716  | 0.30732155 |  0.72979927 |  | 2.07424164 |
|    501    |  0.01931190  | 0.31518936 |  0.72145462 |  | 2.08044052 |
|    502    |  0.01955032  | 0.31280518 |  0.74958801 |  | 2.10523605 |
|    503    |  0.02002716  | 0.31971931 |  0.72979927 |  | 2.10404396 |
|    504    |  0.01931190  | 0.30827522 |  0.72765350 |  | 2.08640099 |
|    505    |  0.01955032  | 0.31447411 |  0.72407722 |  | 2.07686424 |
|    506    |  0.01955032  | 0.30922890 |  0.72836876 |  | 2.07686424 |
|    507    |  0.01931190  | 0.32448769 |  0.73575974 |  | 2.13456154 |
|    508    |  0.01955032  | 0.31161308 |  0.72145462 |  | 2.07400322 |
|    509    |  0.01955032  | 0.32496452 |  0.72908401 |  | 2.09641457 |
|    510    |  0.01955032  | 0.31161308 |  0.73194504 |  | 2.08687782 |
|    511    |  0.01955032  | 0.31256676 |  0.75006485 |  | 2.12121010 |
|    512    |  0.02026558  | 0.32520294 |  0.71835518 |  | 2.08520889 |
|    513    |  0.01907349  | 0.30994415 |  0.72646141 |  | 2.07591057 |
|    514    |  0.01978874  | 0.31471252 |  0.73790550 |  | 2.09951401 |
|    515    |  0.02026558  | 0.32281876 |  0.73766708 |  | 2.11095810 |
|    516    |  0.02026558  | 0.32162666 |  0.72813034 |  | 2.11501122 |
|    517    |  0.01978874  | 0.30994415 |  0.72646141 |  | 2.08425522 |
|    518    |  0.01955032  | 0.30994415 |  0.74625015 |  | 2.12430954 |
|    519    |  0.01955032  | 0.32353401 |  0.73337555 |  | 2.09999084 |
|    520    |  0.02026558  | 0.31757355 |  0.75125694 |  | 2.13479996 |
|    521    |  0.02002716  | 0.31876564 |  0.72479248 |  | 2.08973885 |
|    522    |  0.01907349  | 0.31423569 |  0.72574615 |  | 2.08401680 |
|    523    |  0.01955032  | 0.31089783 |  0.72455406 |  | 2.08163261 |
|    524    |  0.01931190  | 0.30636787 |  0.74839592 |  | 2.10189819 |
|    525    |  0.02026558  | 0.32210350 |  0.72407722 |  | 2.11691856 |
|    526    |  0.02002716  | 0.31328201 |  0.72956085 |  | 2.07948685 |
|    527    |  0.01978874  | 0.31089783 |  0.74362755 |  | 2.11977959 |
|    528    |  0.01978874  | 0.30779839 |  0.73122978 |  | 2.07901001 |
|    529    |  0.01978874  | 0.32329559 |  0.72813034 |  | 2.12264061 |
|    530    |  0.01978874  | 0.30851364 |  0.73432922 |  | 2.07972527 |
|    531    |  0.01955032  | 0.31352043 |  0.72717667 |  | 2.08115578 |
|    532    |  0.02002716  | 0.31208992 |  0.72479248 |  | 2.07877159 |
|    533    |  0.01931190  | 0.31018257 |  0.74768066 |  | 2.11572647 |
|    534    |  0.02050400  | 0.31661987 |  0.72598457 |  | 2.09760666 |
|    535    |  0.01931190  | 0.30899048 |  0.73361397 |  | 2.08353996 |
|    536    |  0.01955032  | 0.31375885 |  0.72741508 |  | 2.08282471 |
|    537    |  0.01931190  | 0.31352043 |  0.72789192 |  | 2.08258629 |
|    538    |  0.01955032  | 0.32234192 |  0.73647499 |  | 2.13170052 |
|    539    |  0.01978874  | 0.31304359 |  0.73146820 |  | 2.08663940 |
|    540    |  0.01978874  | 0.30875206 |  0.75125694 |  | 2.12311745 |
|    541    |  0.02026558  | 0.31852722 |  0.74815750 |  | 2.13742256 |
|    542    |  0.02050400  | 0.32377243 |  0.74553490 |  | 2.14195251 |
|    543    |  0.02074242  | 0.31566620 |  0.72193146 |  | 2.06828117 |
|    544    |  0.01931190  | 0.30946732 |  0.73766708 |  | 2.09641457 |
|    545    |  0.02002716  | 0.31542778 |  0.72646141 |  | 2.09546089 |
|    546    |  0.01978874  | 0.31018257 |  0.74982643 |  | 2.09808350 |
|    547    |  0.02050400  | 0.32043457 |  0.72836876 |  | 2.11119652 |
|    548    |  0.01931190  | 0.31805038 |  0.73838234 |  | 2.12430954 |
|    549    |  0.01955032  | 0.31065941 |  0.73122978 |  | 2.08234787 |
|    550    |  0.02002716  | 0.30970573 |  0.72741508 |  | 2.08258629 |
|    551    |  0.02431870  | 0.31852722 |  0.74410439 |  | 2.13265419 |
|    552    |  0.01978874  | 0.31352043 |  0.72836876 |  | 2.08830833 |
|    553    |  0.01955032  | 0.31208992 |  0.73313713 |  | 2.08735466 |
|    554    |  0.01978874  | 0.31208992 |  0.75125694 |  | 2.12860107 |
|    555    |  0.01931190  | 0.31161308 |  0.74338913 |  | 2.11501122 |
|    556    |  0.02026558  | 0.32138824 |  0.72526932 |  | 2.11811066 |
|    557    |  0.01978874  | 0.30684471 |  0.74934959 |  | 2.11238861 |
|    558    |  0.01978874  | 0.30875206 |  0.74982643 |  | 2.10189819 |
|    559    |  0.02026558  | 0.32186508 |  0.73051453 |  | 2.09236145 |
|    560    |  0.02026558  | 0.32114983 |  0.72312355 |  | 2.11167336 |
|    561    |  0.01907349  | 0.30732155 |  0.73051453 |  | 2.07328796 |
|    562    |  0.01955032  | 0.31208992 |  0.72908401 |  | 2.08616257 |
|    563    |  0.01955032  | 0.31113625 |  0.74124336 |  | 2.09426880 |
|    564    |  0.02050400  | 0.31924248 |  0.74887276 |  | 2.14004517 |
|    565    |  0.01978874  | 0.31089783 |  0.72622299 |  | 2.07924843 |
|    566    |  0.01931190  | 0.31113625 |  0.73146820 |  | 2.08711624 |
|    567    |  0.01978874  | 0.31113625 |  0.73003769 |  | 2.08377838 |
|    568    |  0.01978874  | 0.31042099 |  0.74958801 |  | 2.10189819 |
|    569    |  0.02002716  | 0.32281876 |  0.72312355 |  | 2.09259987 |
|    570    |  0.02002716  | 0.31304359 |  0.72765350 |  | 2.08401680 |
|    571    |  0.02050400  | 0.31137466 |  0.73122978 |  | 2.08663940 |
|    572    |  0.02002716  | 0.31113625 |  0.72860718 |  | 2.08258629 |
|    573    |  0.01955032  | 0.32186508 |  0.74934959 |  | 2.14290619 |
|    574    |  0.02002716  | 0.31614304 |  0.73194504 |  | 2.09426880 |
|    575    |  0.01955032  | 0.31089783 |  0.72956085 |  | 2.07877159 |
|    576    |  0.01955032  | 0.31232834 |  0.72503090 |  | 2.08234787 |
|    577    |  0.01955032  | 0.31161308 |  0.74672699 |  | 2.11334229 |
|    578    |  0.02026558  | 0.31018257 |  0.72789192 |  | 2.08401680 |
|    579    |  0.01978874  | 0.31137466 |  0.72622299 |  | 2.08234787 |
|    580    |  0.02002716  | 0.31518936 |  0.72932243 |  | 2.08544731 |
|    581    |  0.01931190  | 0.31089783 |  0.72813034 |  | 2.07805634 |
|    582    |  0.02431870  | 0.32067299 |  0.72884560 |  | 2.11071968 |
|    583    |  0.01931190  | 0.32067299 |  0.74720383 |  | 2.15053558 |
|    584    |  0.02336502  | 0.32138824 |  0.72407722 |  | 2.08806992 |
|    585    |  0.01955032  | 0.31065941 |  0.72765350 |  | 2.08592415 |
|    586    |  0.02002716  | 0.31757355 |  0.74768066 |  | 2.13313103 |
|    587    |  0.02050400  | 0.32401085 |  0.72956085 |  | 2.10499763 |
|    588    |  0.02002716  | 0.31805038 |  0.73266029 |  | 2.09808350 |
|    589    |  0.02026558  | 0.31208992 |  0.72789192 |  | 2.08926201 |
|    590    |  0.01978874  | 0.31590462 |  0.75316429 |  | 2.11572647 |
|    591    |  0.02074242  | 0.31781197 |  0.72622299 |  | 2.11143494 |
|    592    |  0.01978874  | 0.30803680 |  0.73432922 |  | 2.08687782 |
|    593    |  0.02050400  | 0.31614304 |  0.73099136 |  | 2.09498405 |
|    594    |  0.02002716  | 0.31471252 |  0.73122978 |  | 2.08687782 |
|    595    |  0.02002716  | 0.31900406 |  0.74815750 |  | 2.13885307 |
|    596    |  0.02074242  | 0.32281876 |  0.71883202 |  | 2.09236145 |
|    597    |  0.01978874  | 0.30851364 |  0.72741508 |  | 2.07972527 |
|    598    |  0.01978874  | 0.30970573 |  0.72908401 |  | 2.07567215 |
|    599    |  0.02002716  | 0.30946732 |  0.74887276 |  | 2.10928917 |
|    600    |  0.02050400  | 0.32448769 |  0.72765350 |  | 2.09736824 |
|    601    |  0.02002716  | 0.31256676 |  0.72693825 |  | 2.08091736 |
|    602    |  0.02002716  | 0.31065941 |  0.75197220 |  | 2.13527679 |
|    603    |  0.02098083  | 0.32186508 |  0.73003769 |  | 2.10523605 |
|    604    |  0.02074242  | 0.32091141 |  0.72026253 |  | 2.11477280 |
|    605    |  0.01978874  | 0.30708313 |  0.74720383 |  | 2.11381912 |
|    606    |  0.02026558  | 0.32305717 |  0.74529648 |  | 2.13837624 |
|    607    |  0.02050400  | 0.31971931 |  0.72693825 |  | 2.11524963 |
|    608    |  0.01931190  | 0.30803680 |  0.75101852 |  | 2.12430954 |
|    609    |  0.02050400  | 0.32281876 |  0.74410439 |  | 2.14147568 |
|    610    |  0.02026558  | 0.32162666 |  0.74815750 |  | 2.12454796 |
|    611    |  0.02074242  | 0.31614304 |  0.72455406 |  | 2.07495689 |
|    612    |  0.01955032  | 0.30946732 |  0.74577332 |  | 2.09927559 |
|    613    |  0.02026558  | 0.32210350 |  0.74768066 |  | 2.12526321 |
|    614    |  0.02050400  | 0.32114983 |  0.72216988 |  | 2.08401680 |
|    615    |  0.01978874  | 0.30994415 |  0.73575974 |  | 2.08902359 |
|    616    |  0.02026558  | 0.31900406 |  0.73456764 |  | 2.10380554 |
|    617    |  0.01978874  | 0.33187866 |  0.73313713 |  | 2.15506554 |
|    618    |  0.02074242  | 0.31542778 |  0.73289871 |  | 2.09498405 |
|    619    |  0.02074242  | 0.31518936 |  0.74005127 |  | 2.12574005 |
|    620    |  0.02002716  | 0.31113625 |  0.72574615 |  | 2.07376480 |
|    621    |  0.02002716  | 0.31328201 |  0.74768066 |  | 2.12049484 |
|    622    |  0.02050400  | 0.31089783 |  0.71954727 |  | 2.06732750 |
|    623    |  0.02002716  | 0.31614304 |  0.73075294 |  | 2.09140778 |
|    624    |  0.02026558  | 0.30994415 |  0.72693825 |  | 2.07781792 |
|    625    |  0.02026558  | 0.31304359 |  0.73504448 |  | 2.09236145 |
|    626    |  0.02050400  | 0.32067299 |  0.72669983 |  | 2.10261345 |
|    627    |  0.01955032  | 0.30875206 |  0.73337555 |  | 2.08163261 |
|    628    |  0.02026558  | 0.30827522 |  0.72979927 |  | 2.08020210 |
|    629    |  0.01978874  | 0.30803680 |  0.74791908 |  | 2.10142136 |
|    630    |  0.02050400  | 0.32353401 |  0.74791908 |  | 2.14004517 |
|    631    |  0.02026558  | 0.32138824 |  0.72050095 |  | 2.07638741 |
|    632    |  0.02002716  | 0.30899048 |  0.73051453 |  | 2.08139420 |
|    633    |  0.02026558  | 0.31757355 |  0.72550774 |  | 2.09021568 |
|    634    |  0.02002716  | 0.31018257 |  0.74791908 |  | 2.10309029 |
|    635    |  0.02074242  | 0.32067299 |  0.72431564 |  | 2.11215019 |
|    636    |  0.01955032  | 0.31352043 |  0.72646141 |  | 2.08497047 |
|    637    |  0.01978874  | 0.30970573 |  0.72836876 |  | 2.08163261 |
|    638    |  0.02026558  | 0.31161308 |  0.73027611 |  | 2.08663940 |
|    639    |  0.02026558  | 0.32210350 |  0.74648857 |  | 2.14958191 |
|    640    |  0.02002716  | 0.31399727 |  0.72789192 |  | 2.08258629 |
|    641    |  0.02002716  | 0.30994415 |  0.72860718 |  | 2.08759308 |
|    642    |  0.02026558  | 0.31208992 |  0.73003769 |  | 2.08711624 |
|    643    |  0.02026558  | 0.31447411 |  0.74815750 |  | 2.11834908 |
|    644    |  0.02026558  | 0.31971931 |  0.74982643 |  | 2.14076042 |
|    645    |  0.02050400  | 0.32019615 |  0.72169304 |  | 2.07567215 |
|    646    |  0.01978874  | 0.31185150 |  0.72646141 |  | 2.08330154 |
|    647    |  0.01978874  | 0.31208992 |  0.74958801 |  | 2.13122368 |
|    648    |  0.02050400  | 0.31948090 |  0.74863434 |  | 2.13837624 |
|    649    |  0.02074242  | 0.32305717 |  0.74410439 |  | 2.14052200 |
|    650    |  0.02074242  | 0.31733513 |  0.72193146 |  | 2.08711624 |
|    651    |  0.01978874  | 0.30589104 |  0.73504448 |  | 2.08973885 |
|    652    |  0.02026558  | 0.31781197 |  0.75006485 |  | 2.14433670 |
|    653    |  0.02002716  | 0.31161308 |  0.72836876 |  | 2.07543373 |
|    654    |  0.02002716  | 0.30946732 |  0.73099136 |  | 2.09093094 |
|    655    |  0.01978874  | 0.31280518 |  0.75697899 |  | 2.11548805 |
|    656    |  0.02026558  | 0.32305717 |  0.74815750 |  | 2.13313103 |
|    657    |  0.02026558  | 0.32186508 |  0.74958801 |  | 2.14266777 |
|    658    |  0.02145767  | 0.32114983 |  0.74338913 |  | 2.13813782 |
|    659    |  0.02026558  | 0.32401085 |  0.72455406 |  | 2.10595131 |
|    660    |  0.02002716  | 0.30875206 |  0.75292587 |  | 2.11119652 |
|    661    |  0.02074242  | 0.32019615 |  0.72336197 |  | 2.12001801 |
|    662    |  0.01955032  | 0.31256676 |  0.72646141 |  | 2.07185745 |
|    663    |  0.01931190  | 0.31161308 |  0.73719025 |  | 2.09736824 |
|    664    |  0.01978874  | 0.31256676 |  0.72646141 |  | 2.08425522 |
|    665    |  0.02026558  | 0.31447411 |  0.75030327 |  | 2.13265419 |
|    666    |  0.02455711  | 0.31375885 |  0.73170662 |  | 2.08783150 |
|    667    |  0.02026558  | 0.31471252 |  0.73599815 |  | 2.10571289 |
|    668    |  0.02050400  | 0.31232834 |  0.73075294 |  | 2.09069252 |
|    669    |  0.01955032  | 0.31518936 |  0.73838234 |  | 2.09546089 |
|    670    |  0.02050400  | 0.32234192 |  0.73790550 |  | 2.13360786 |
|    671    |  0.01978874  | 0.31352043 |  0.73075294 |  | 2.08997726 |
|    672    |  0.01955032  | 0.31614304 |  0.74696541 |  | 2.13980675 |
|    673    |  0.02050400  | 0.31828880 |  0.72312355 |  | 2.09641457 |
|    674    |  0.01955032  | 0.30803680 |  0.75268745 |  | 2.13885307 |
|    675    |  0.02074242  | 0.31876564 |  0.72526932 |  | 2.07972527 |
|    676    |  0.01978874  | 0.32162666 |  0.75054169 |  | 2.15983391 |
|    677    |  0.02050400  | 0.32067299 |  0.74887276 |  | 2.14505196 |
|    678    |  0.02050400  | 0.32329559 |  0.74982643 |  | 2.14123726 |
|    679    |  0.02026558  | 0.32281876 |  0.72932243 |  | 2.10976601 |
|    680    |  0.01978874  | 0.30779839 |  0.73814392 |  | 2.09522247 |
|    681    |  0.01978874  | 0.31709671 |  0.72574615 |  | 2.09450722 |
|    682    |  0.01978874  | 0.31590462 |  0.73313713 |  | 2.09760666 |
|    683    |  0.01955032  | 0.31805038 |  0.73575974 |  | 2.12931633 |
|    684    |  0.02098083  | 0.31518936 |  0.73075294 |  | 2.09045410 |
|    685    |  0.01978874  | 0.31495094 |  0.74768066 |  | 2.12192535 |
|    686    |  0.01978874  | 0.31185150 |  0.74648857 |  | 2.11620331 |
|    687    |  0.02050400  | 0.31852722 |  0.74648857 |  | 2.11644173 |
|    688    |  0.02050400  | 0.31781197 |  0.74839592 |  | 2.13909149 |
|    689    |  0.01955032  | 0.32305717 |  0.74887276 |  | 2.14290619 |
|    690    |  0.02050400  | 0.32019615 |  0.75030327 |  | 2.15077400 |
|    691    |  0.02002716  | 0.32305717 |  0.74625015 |  | 2.14481354 |
|    692    |  0.02026558  | 0.31757355 |  0.75149536 |  | 2.13670731 |
|    693    |  0.02050400  | 0.31876564 |  0.74958801 |  | 2.11787224 |
|    694    |  0.02050400  | 0.31590462 |  0.72431564 |  | 2.07495689 |
|    695    |  0.02026558  | 0.31113625 |  0.73170662 |  | 2.08640099 |
|    696    |  0.02002716  | 0.31185150 |  0.74934959 |  | 2.13742256 |
|    697    |  0.02050400  | 0.32305717 |  0.71978569 |  | 2.11000443 |
|    698    |  0.01931190  | 0.30851364 |  0.72884560 |  | 2.06923485 |
|    699    |  0.02002716  | 0.31161308 |  0.73337555 |  | 2.09474564 |
|    700    |  0.01955032  | 0.31542778 |  0.74982643 |  | 2.11119652 |
|    701    |  0.02050400  | 0.32329559 |  0.71835518 |  | 2.10380554 |
|    702    |  0.02264977  | 0.30803680 |  0.72836876 |  | 2.08139420 |
|    703    |  0.01978874  | 0.31065941 |  0.73122978 |  | 2.08950043 |
|    704    |  0.02026558  | 0.31709671 |  0.73170662 |  | 2.17604637 |
|    705    |  0.02121925  | 0.32520294 |  0.74505806 |  | 2.14886665 |
|    706    |  0.02121925  | 0.31018257 |  0.73266029 |  | 2.08163261 |
|    707    |  0.02050400  | 0.31971931 |  0.72789192 |  | 2.10022926 |
|    708    |  0.02050400  | 0.31375885 |  0.73027611 |  | 2.09045410 |
|    709    |  0.02002716  | 0.31089783 |  0.75030327 |  | 2.12764740 |
|    710    |  0.02050400  | 0.32305717 |  0.72407722 |  | 2.09808350 |
|    711    |  0.01978874  | 0.31423569 |  0.73742867 |  | 2.10237503 |
|    712    |  0.02050400  | 0.31352043 |  0.74887276 |  | 2.11477280 |
|    713    |  0.02121925  | 0.32210350 |  0.74148178 |  | 2.13360786 |
|    714    |  0.02074242  | 0.32591820 |  0.72336197 |  | 2.11858749 |
|    715    |  0.02026558  | 0.31018257 |  0.73552132 |  | 2.08926201 |
|    716    |  0.02026558  | 0.31256676 |  0.73456764 |  | 2.09951401 |
|    717    |  0.02026558  | 0.31352043 |  0.72145462 |  | 2.07877159 |
|    718    |  0.02121925  | 0.31852722 |  0.75054169 |  | 2.14672089 |
|    719    |  0.02026558  | 0.31423569 |  0.74481964 |  | 2.12073326 |
|    720    |  0.02074242  | 0.31828880 |  0.72932243 |  | 2.10237503 |
|    721    |  0.02050400  | 0.31566620 |  0.72956085 |  | 2.09522247 |
|    722    |  0.02026558  | 0.31161308 |  0.75531006 |  | 2.11620331 |
|    723    |  0.02288818  | 0.32067299 |  0.71620941 |  | 2.11524963 |
|    724    |  0.02002716  | 0.31423569 |  0.73528290 |  | 2.09140778 |
|    725    |  0.02002716  | 0.31518936 |  0.74410439 |  | 2.11119652 |
|    726    |  0.02026558  | 0.31280518 |  0.73337555 |  | 2.09927559 |
|    727    |  0.01955032  | 0.31971931 |  0.75149536 |  | 2.14290619 |
|    728    |  0.02074242  | 0.31137466 |  0.73623657 |  | 2.09379196 |
|    729    |  0.02002716  | 0.31208992 |  0.72979927 |  | 2.08926201 |
|    730    |  0.02026558  | 0.31566620 |  0.72836876 |  | 2.09426880 |
|    731    |  0.02002716  | 0.32067299 |  0.75364113 |  | 2.14433670 |
|    732    |  0.02121925  | 0.32114983 |  0.73170662 |  | 2.10356712 |
|    733    |  0.01978874  | 0.31328201 |  0.72908401 |  | 2.09450722 |
|    734    |  0.02050400  | 0.31352043 |  0.73361397 |  | 2.09641457 |
|    735    |  0.02026558  | 0.31614304 |  0.72860718 |  | 2.09546089 |
|    736    |  0.02050400  | 0.32019615 |  0.73838234 |  | 2.13479996 |
|    737    |  0.01955032  | 0.31948090 |  0.72860718 |  | 2.08473206 |
|    738    |  0.02026558  | 0.32496452 |  0.74625015 |  | 2.15077400 |
|    739    |  0.02026558  | 0.30827522 |  0.75030327 |  | 2.12979317 |
|    740    |  0.02074242  | 0.32448769 |  0.75340271 |  | 2.15721130 |
|    741    |  0.02098083  | 0.32234192 |  0.75316429 |  | 2.15220451 |
|    742    |  0.02074242  | 0.31971931 |  0.73313713 |  | 2.09331512 |
|    743    |  0.01955032  | 0.31924248 |  0.73099136 |  | 2.10428238 |
|    744    |  0.02360344  | 0.32281876 |  0.75054169 |  | 2.14910507 |
|    745    |  0.02050400  | 0.32329559 |  0.73671341 |  | 2.13432312 |
|    746    |  0.02026558  | 0.31709671 |  0.72598457 |  | 2.09093094 |
|    747    |  0.02002716  | 0.31566620 |  0.74410439 |  | 2.11262703 |
|    748    |  0.02002716  | 0.31304359 |  0.73075294 |  | 2.09403038 |
|    749    |  0.01978874  | 0.31399727 |  0.74887276 |  | 2.13885307 |
|    750    |  0.02050400  | 0.32114983 |  0.73218346 |  | 2.12097168 |
|    751    |  0.02002716  | 0.30994415 |  0.73599815 |  | 2.09522247 |
|    752    |  0.01978874  | 0.31661987 |  0.72741508 |  | 2.09093094 |
|    753    |  0.02002716  | 0.31757355 |  0.75435638 |  | 2.12216377 |
|    754    |  0.02074242  | 0.32162666 |  0.75340271 |  | 2.14195251 |
|    755    |  0.02050400  | 0.31995773 |  0.74887276 |  | 2.15077400 |
|    756    |  0.02074242  | 0.32377243 |  0.74911118 |  | 2.14886665 |
|    757    |  0.02074242  | 0.32067299 |  0.75316429 |  | 2.14958191 |
|    758    |  0.02050400  | 0.32353401 |  0.74768066 |  | 2.14719772 |
|    759    |  0.02074242  | 0.32305717 |  0.75244904 |  | 2.15554237 |
|    760    |  0.02121925  | 0.32234192 |  0.75459480 |  | 2.14958191 |
|    761    |  0.02145767  | 0.32424927 |  0.74791908 |  | 2.14791298 |
|    762    |  0.02098083  | 0.32377243 |  0.75221062 |  | 2.14886665 |
|    763    |  0.02074242  | 0.31948090 |  0.75292587 |  | 2.14576721 |
|    764    |  0.02050400  | 0.32353401 |  0.75221062 |  | 2.15363503 |
|    765    |  0.02121925  | 0.32210350 |  0.75054169 |  | 2.14552879 |
|    766    |  0.02026558  | 0.32305717 |  0.75268745 |  | 2.15244293 |
|    767    |  0.02050400  | 0.32520294 |  0.75507164 |  | 2.15959549 |
|    768    |  0.02098083  | 0.32305717 |  0.75435638 |  | 2.15530396 |
|    769    |  0.02074242  | 0.32353401 |  0.74982643 |  | 2.15411186 |
|    770    |  0.02098083  | 0.32424927 |  0.75554848 |  | 2.16007233 |
|    771    |  0.02074242  | 0.31900406 |  0.75435638 |  | 2.15387344 |
|    772    |  0.02074242  | 0.32258034 |  0.74934959 |  | 2.15482712 |
|    773    |  0.02050400  | 0.31995773 |  0.75340271 |  | 2.14958191 |
|    774    |  0.02074242  | 0.32186508 |  0.75149536 |  | 2.15029716 |
|    775    |  0.02050400  | 0.32615662 |  0.75125694 |  | 2.15315819 |
|    776    |  0.02026558  | 0.32210350 |  0.75316429 |  | 2.15101242 |
|    777    |  0.02074242  | 0.32258034 |  0.75268745 |  | 2.15363503 |
|    778    |  0.02074242  | 0.32639503 |  0.74625015 |  | 2.14624405 |
|    779    |  0.02074242  | 0.32091141 |  0.75435638 |  | 2.15435028 |
|    780    |  0.02074242  | 0.32377243 |  0.75340271 |  | 2.15888023 |
|    781    |  0.02050400  | 0.32496452 |  0.75411797 |  | 2.15768814 |
|    782    |  0.02098083  | 0.32305717 |  0.75221062 |  | 2.15125084 |
|    783    |  0.02026558  | 0.32091141 |  0.75507164 |  | 2.15697289 |
|    784    |  0.02217293  | 0.32305717 |  0.75101852 |  | 2.15101242 |
|    785    |  0.02026558  | 0.31852722 |  0.74839592 |  | 2.14409828 |
|    786    |  0.02050400  | 0.32067299 |  0.73552132 |  | 2.13766098 |
|    787    |  0.01955032  | 0.33140182 |  0.73742867 |  | 2.15697289 |
|    788    |  0.02408028  | 0.32544136 |  0.75387955 |  | 2.16317177 |
|    789    |  0.02002716  | 0.31042099 |  0.73599815 |  | 2.10428238 |
|    790    |  0.02050400  | 0.32234192 |  0.73695183 |  | 2.12597847 |
|    791    |  0.02026558  | 0.32591820 |  0.75697899 |  | 2.16984749 |
|    792    |  0.02002716  | 0.31256676 |  0.75221062 |  | 2.13789940 |
|    793    |  0.02074242  | 0.32329559 |  0.72383881 |  | 2.09760666 |
|    794    |  0.01978874  | 0.31352043 |  0.74028969 |  | 2.10380554 |
|    795    |  0.02050400  | 0.31542778 |  0.73599815 |  | 2.10142136 |
|    796    |  0.02026558  | 0.31685829 |  0.75125694 |  | 2.11238861 |
|    797    |  0.02098083  | 0.32210350 |  0.72741508 |  | 2.12144852 |
|    798    |  0.02026558  | 0.30922890 |  0.73742867 |  | 2.09450722 |
|    799    |  0.02050400  | 0.32234192 |  0.75149536 |  | 2.15196609 |
|    800    |  0.02479553  | 0.32114983 |  0.73933601 |  | 2.13241577 |
|    801    |  0.02074242  | 0.31995773 |  0.74791908 |  | 2.14433670 |
|    802    |  0.02050400  | 0.31542778 |  0.74338913 |  | 2.09999084 |
|    803    |  0.02050400  | 0.32210350 |  0.75340271 |  | 2.15077400 |
|    804    |  0.02074242  | 0.31089783 |  0.75316429 |  | 2.13432312 |
|    805    |  0.02074242  | 0.32567978 |  0.75101852 |  | 2.15411186 |
|    806    |  0.02074242  | 0.31995773 |  0.74791908 |  | 2.14934349 |
|    807    |  0.02145767  | 0.30851364 |  0.73575974 |  | 2.08187103 |
|    808    |  0.02026558  | 0.31614304 |  0.74720383 |  | 2.13003159 |
|    809    |  0.02408028  | 0.32019615 |  0.74815750 |  | 2.11572647 |
|    810    |  0.02074242  | 0.31828880 |  0.72717667 |  | 2.10833549 |
|    811    |  0.01955032  | 0.32925606 |  0.72979927 |  | 2.13384628 |
|    812    |  0.02002716  | 0.32114983 |  0.73409081 |  | 2.12717056 |
|    813    |  0.02050400  | 0.31971931 |  0.72717667 |  | 2.11024284 |
|    814    |  0.02050400  | 0.32591820 |  0.73385239 |  | 2.13909149 |
|    815    |  0.02002716  | 0.30946732 |  0.73027611 |  | 2.08306313 |
|    816    |  0.02002716  | 0.31089783 |  0.74982643 |  | 2.10595131 |
|    817    |  0.02026558  | 0.32305717 |  0.72598457 |  | 2.10547447 |
|    818    |  0.01978874  | 0.30851364 |  0.75006485 |  | 2.11882591 |
|    819    |  0.02074242  | 0.31590462 |  0.73027611 |  | 2.08568573 |
|    820    |  0.02336502  | 0.31328201 |  0.73218346 |  | 2.09689140 |
|    821    |  0.02050400  | 0.32186508 |  0.73480606 |  | 2.11238861 |
|    822    |  0.02074242  | 0.31590462 |  0.73742867 |  | 2.10642815 |
|    823    |  0.02098083  | 0.32019615 |  0.73122978 |  | 2.11811066 |
|    824    |  0.02002716  | 0.31375885 |  0.72908401 |  | 2.09259987 |
|    825    |  0.02002716  | 0.31328201 |  0.73528290 |  | 2.09498405 |
|    826    |  0.02002716  | 0.31399727 |  0.75006485 |  | 2.14529037 |
|    827    |  0.02050400  | 0.32591820 |  0.74934959 |  | 2.15029716 |
|    828    |  0.02098083  | 0.32091141 |  0.74934959 |  | 2.14362144 |
|    829    |  0.02074242  | 0.31781197 |  0.75006485 |  | 2.14266777 |
|    830    |  0.02098083  | 0.32472610 |  0.74887276 |  | 2.14719772 |
|    831    |  0.02050400  | 0.32281876 |  0.75125694 |  | 2.14982033 |
|    832    |  0.02074242  | 0.31995773 |  0.75173378 |  | 2.14266777 |
|    833    |  0.02050400  | 0.32520294 |  0.75507164 |  | 2.15196609 |
|    834    |  0.02074242  | 0.32114983 |  0.75340271 |  | 2.14815140 |
|    835    |  0.02074242  | 0.31995773 |  0.74887276 |  | 2.14314461 |
|    836    |  0.02026558  | 0.32401085 |  0.75244904 |  | 2.14886665 |
|    837    |  0.02050400  | 0.32329559 |  0.75101852 |  | 2.14433670 |
|    838    |  0.02026558  | 0.31805038 |  0.74791908 |  | 2.14052200 |
|    839    |  0.02074242  | 0.32162666 |  0.74934959 |  | 2.14600563 |
|    840    |  0.02074242  | 0.31900406 |  0.74958801 |  | 2.14123726 |
|    841    |  0.02050400  | 0.32019615 |  0.74505806 |  | 2.14052200 |
|    842    |  0.01978874  | 0.31256676 |  0.73218346 |  | 2.07567215 |
|    843    |  0.02026558  | 0.31614304 |  0.74195862 |  | 2.11620331 |
|    844    |  0.02050400  | 0.31638145 |  0.75340271 |  | 2.12788582 |
|    845    |  0.02074242  | 0.32377243 |  0.72646141 |  | 2.10809708 |
|    846    |  0.02360344  | 0.30994415 |  0.73003769 |  | 2.08425522 |
|    847    |  0.02026558  | 0.31137466 |  0.73075294 |  | 2.08473206 |
|    848    |  0.02026558  | 0.31566620 |  0.73742867 |  | 2.10213661 |
|    849    |  0.02074242  | 0.32401085 |  0.73575974 |  | 2.13122368 |
|    850    |  0.02050400  | 0.31042099 |  0.73075294 |  | 2.08353996 |
|    851    |  0.02002716  | 0.30994415 |  0.72836876 |  | 2.08497047 |
|    852    |  0.01978874  | 0.31352043 |  0.72932243 |  | 2.08687782 |
|    853    |  0.02002716  | 0.31208992 |  0.75173378 |  | 2.13122368 |
|    854    |  0.02050400  | 0.31685829 |  0.72860718 |  | 2.08759308 |
|    855    |  0.01978874  | 0.31828880 |  0.74648857 |  | 2.12931633 |
|    856    |  0.02098083  | 0.32424927 |  0.73027611 |  | 2.10261345 |
|    857    |  0.01978874  | 0.31709671 |  0.75054169 |  | 2.11286545 |
|    858    |  0.02050400  | 0.32591820 |  0.72026253 |  | 2.10833549 |
|    859    |  0.02002716  | 0.31042099 |  0.73051453 |  | 2.08783150 |
|    860    |  0.02026558  | 0.31185150 |  0.73242188 |  | 2.08973885 |
|    861    |  0.02026558  | 0.30994415 |  0.73122978 |  | 2.09093094 |
|    862    |  0.01978874  | 0.31733513 |  0.73862076 |  | 2.13456154 |
|    863    |  0.01978874  | 0.30708313 |  0.73027611 |  | 2.08425522 |
|    864    |  0.01978874  | 0.31757355 |  0.73027611 |  | 2.09712982 |
|    865    |  0.02026558  | 0.31566620 |  0.74505806 |  | 2.10523605 |
|    866    |  0.02050400  | 0.32186508 |  0.75459480 |  | 2.14004517 |
|    867    |  0.02098083  | 0.32234192 |  0.72455406 |  | 2.08997726 |
|    868    |  0.02002716  | 0.31185150 |  0.72717667 |  | 2.08306313 |
|    869    |  0.02026558  | 0.31137466 |  0.73218346 |  | 2.08926201 |
|    870    |  0.02002716  | 0.31065941 |  0.73003769 |  | 2.08497047 |
|    871    |  0.02026558  | 0.31924248 |  0.72455406 |  | 2.11524963 |
|    872    |  0.02050400  | 0.31447411 |  0.73146820 |  | 2.08878517 |
|    873    |  0.02002716  | 0.31137466 |  0.73170662 |  | 2.09140778 |
|    874    |  0.02026558  | 0.31137466 |  0.72884560 |  | 2.08353996 |
|    875    |  0.02002716  | 0.31542778 |  0.74625015 |  | 2.12717056 |
|    876    |  0.01978874  | 0.31042099 |  0.73194504 |  | 2.08711624 |
|    877    |  0.02026558  | 0.31328201 |  0.72979927 |  | 2.08902359 |
|    878    |  0.02026558  | 0.31828880 |  0.72789192 |  | 2.09569931 |
|    879    |  0.02002716  | 0.31638145 |  0.74458122 |  | 2.11429596 |
|    880    |  0.02074242  | 0.32043457 |  0.73266029 |  | 2.12764740 |
|    881    |  0.02026558  | 0.31018257 |  0.72932243 |  | 2.07805634 |
|    882    |  0.02431870  | 0.31733513 |  0.72622299 |  | 2.09903717 |
|    883    |  0.02264977  | 0.31280518 |  0.73051453 |  | 2.08926201 |
|    884    |  0.01978874  | 0.31208992 |  0.75149536 |  | 2.14028358 |
|    885    |  0.02050400  | 0.31328201 |  0.73051453 |  | 2.08878517 |
|    886    |  0.02026558  | 0.31137466 |  0.73266029 |  | 2.09164619 |
|    887    |  0.02074242  | 0.31375885 |  0.73242188 |  | 2.09522247 |
|    888    |  0.02074242  | 0.32281876 |  0.75411797 |  | 2.13456154 |
|    889    |  0.02145767  | 0.32162666 |  0.73027611 |  | 2.11238861 |
|    890    |  0.02050400  | 0.31256676 |  0.73790550 |  | 2.09903717 |
|    891    |  0.02050400  | 0.31304359 |  0.73122978 |  | 2.09331512 |
|    892    |  0.02050400  | 0.31518936 |  0.73146820 |  | 2.09355354 |
|    893    |  0.02050400  | 0.32353401 |  0.73504448 |  | 2.13551521 |
|    894    |  0.02002716  | 0.31304359 |  0.72598457 |  | 2.08353996 |
|    895    |  0.01955032  | 0.31566620 |  0.72813034 |  | 2.09069252 |
|    896    |  0.02002716  | 0.31161308 |  0.73671341 |  | 2.09426880 |
|    897    |  0.02098083  | 0.31089783 |  0.75292587 |  | 2.13360786 |
|    898    |  0.02074242  | 0.31948090 |  0.72717667 |  | 2.09379196 |
|    899    |  0.02026558  | 0.31161308 |  0.73003769 |  | 2.08401680 |
|    900    |  0.02026558  | 0.31161308 |  0.73003769 |  | 2.08830833 |
|    901    |  0.02002716  | 0.31256676 |  0.74267387 |  | 2.10142136 |
|    902    |  0.02050400  | 0.32186508 |  0.73003769 |  | 2.11787224 |
|    903    |  0.01955032  | 0.30779839 |  0.74911118 |  | 2.12287903 |
|    904    |  0.02002716  | 0.32377243 |  0.72455406 |  | 2.09283829 |
|    905    |  0.01978874  | 0.31638145 |  0.72574615 |  | 2.08950043 |
|    906    |  0.02026558  | 0.32091141 |  0.74958801 |  | 2.14624405 |
|    907    |  0.02074242  | 0.32019615 |  0.75173378 |  | 2.14028358 |
|    908    |  0.02121925  | 0.32353401 |  0.74982643 |  | 2.14600563 |
|    909    |  0.02050400  | 0.31948090 |  0.73671341 |  | 2.13027000 |
|    910    |  0.01978874  | 0.31018257 |  0.75888634 |  | 2.11906433 |
|    911    |  0.02050400  | 0.32258034 |  0.72073936 |  | 2.10547447 |
|    912    |  0.02002716  | 0.30922890 |  0.72813034 |  | 2.08401680 |
|    913    |  0.02050400  | 0.31113625 |  0.73194504 |  | 2.09140778 |
|    914    |  0.02050400  | 0.32496452 |  0.74958801 |  | 2.15363503 |
|    915    |  0.02050400  | 0.32138824 |  0.75268745 |  | 2.14600563 |
|    916    |  0.02074242  | 0.32019615 |  0.72741508 |  | 2.09355354 |
|    917    |  0.02002716  | 0.31900406 |  0.73289871 |  | 2.10189819 |
|    918    |  0.02026558  | 0.31876564 |  0.73647499 |  | 2.10738182 |
|    919    |  0.01978874  | 0.30994415 |  0.75268745 |  | 2.13289261 |
|    920    |  0.02098083  | 0.32091141 |  0.74720383 |  | 2.14624405 |
|    921    |  0.02050400  | 0.32424927 |  0.72336197 |  | 2.11095810 |
|    922    |  0.02002716  | 0.31304359 |  0.73671341 |  | 2.10642815 |
|    923    |  0.02002716  | 0.31638145 |  0.75936317 |  | 2.13527679 |
|    924    |  0.02121925  | 0.32663345 |  0.72622299 |  | 2.12335587 |
|    925    |  0.02050400  | 0.31232834 |  0.73575974 |  | 2.09951401 |
|    926    |  0.02074242  | 0.31328201 |  0.73337555 |  | 2.09450722 |
|    927    |  0.02050400  | 0.31614304 |  0.72860718 |  | 2.08973885 |
|    928    |  0.02026558  | 0.32210350 |  0.74601173 |  | 2.14767456 |
|    929    |  0.02002716  | 0.30922890 |  0.73266029 |  | 2.07996368 |
|    930    |  0.02026558  | 0.31590462 |  0.72836876 |  | 2.09140778 |
|    931    |  0.01978874  | 0.31161308 |  0.73146820 |  | 2.09307671 |
|    932    |  0.02050400  | 0.31089783 |  0.75292587 |  | 2.12740898 |
|    933    |  0.02074242  | 0.32520294 |  0.72836876 |  | 2.12478638 |
|    934    |  0.02098083  | 0.31685829 |  0.73122978 |  | 2.09617615 |
|    935    |  0.02002716  | 0.31304359 |  0.72979927 |  | 2.08973885 |
|    936    |  0.02050400  | 0.31161308 |  0.74458122 |  | 2.10237503 |
|    937    |  0.02074242  | 0.32329559 |  0.72860718 |  | 2.11977959 |
|    938    |  0.02384186  | 0.30899048 |  0.73456764 |  | 2.08783150 |
|    939    |  0.02026558  | 0.31566620 |  0.74982643 |  | 2.14099884 |
|    940    |  0.02074242  | 0.32424927 |  0.72097778 |  | 2.08616257 |
|    941    |  0.02002716  | 0.31495094 |  0.74529648 |  | 2.13718414 |
|    942    |  0.02002716  | 0.30994415 |  0.73647499 |  | 2.09164619 |
|    943    |  0.02026558  | 0.31471252 |  0.72741508 |  | 2.08783150 |
|    944    |  0.02002716  | 0.31399727 |  0.73361397 |  | 2.09569931 |
|    945    |  0.02026558  | 0.31495094 |  0.75221062 |  | 2.12359428 |
|    946    |  0.02098083  | 0.32138824 |  0.73409081 |  | 2.10738182 |
|    947    |  0.02026558  | 0.31590462 |  0.73266029 |  | 2.09355354 |
|    948    |  0.02026558  | 0.31113625 |  0.72979927 |  | 2.08640099 |
|    949    |  0.02002716  | 0.31280518 |  0.73552132 |  | 2.09808350 |
|    950    |  0.02026558  | 0.32687187 |  0.72479248 |  | 2.12788582 |
|    951    |  0.02002716  | 0.30946732 |  0.73599815 |  | 2.09093094 |
|    952    |  0.02050400  | 0.31352043 |  0.75435638 |  | 2.11930275 |
|    953    |  0.02074242  | 0.32258034 |  0.72002411 |  | 2.11763382 |
|    954    |  0.02002716  | 0.31065941 |  0.75197220 |  | 2.12550163 |
|    955    |  0.01978874  | 0.31208992 |  0.73432922 |  | 2.08997726 |
|    956    |  0.02050400  | 0.31137466 |  0.72646141 |  | 2.08783150 |
|    957    |  0.02002716  | 0.31590462 |  0.72979927 |  | 2.08878517 |
|    958    |  0.02098083  | 0.31566620 |  0.74815750 |  | 2.11477280 |
|    959    |  0.02098083  | 0.32019615 |  0.73075294 |  | 2.10595131 |
|    960    |  0.02026558  | 0.31399727 |  0.74887276 |  | 2.13766098 |
|    961    |  0.02121925  | 0.30922890 |  0.72956085 |  | 2.08282471 |
|    962    |  0.02050400  | 0.31018257 |  0.72884560 |  | 2.08854675 |
|    963    |  0.02026558  | 0.32162666 |  0.74672699 |  | 2.14385986 |
|    964    |  0.02074242  | 0.32043457 |  0.72860718 |  | 2.11381912 |
|    965    |  0.02002716  | 0.30732155 |  0.73552132 |  | 2.08282471 |
|    966    |  0.02050400  | 0.31828880 |  0.72813034 |  | 2.09569931 |
|    967    |  0.01955032  | 0.31876564 |  0.75078011 |  | 2.13313103 |
|    968    |  0.02121925  | 0.32186508 |  0.73075294 |  | 2.11453438 |
|    969    |  0.02026558  | 0.31208992 |  0.72765350 |  | 2.09760666 |
|    970    |  0.02002716  | 0.31781197 |  0.73242188 |  | 2.09712982 |
|    971    |  0.02026558  | 0.31137466 |  0.73862076 |  | 2.09355354 |
|    972    |  0.02121925  | 0.32067299 |  0.73790550 |  | 2.13575363 |
|    973    |  0.02026558  | 0.32162666 |  0.72336197 |  | 2.08926201 |
|    974    |  0.02050400  | 0.31161308 |  0.73146820 |  | 2.08759308 |
|    975    |  0.01978874  | 0.31137466 |  0.73337555 |  | 2.09188461 |
|    976    |  0.02026558  | 0.31280518 |  0.74625015 |  | 2.12907791 |
|    977    |  0.02098083  | 0.31638145 |  0.72836876 |  | 2.07996368 |
|    978    |  0.02074242  | 0.31280518 |  0.72956085 |  | 2.08997726 |
|    979    |  0.02074242  | 0.31161308 |  0.73242188 |  | 2.09140778 |
|    980    |  0.02026558  | 0.31661987 |  0.75411797 |  | 2.12240219 |
|    981    |  0.02098083  | 0.32019615 |  0.75411797 |  | 2.15029716 |
|    982    |  0.02074242  | 0.32067299 |  0.73719025 |  | 2.13336945 |
|    983    |  0.01978874  | 0.31208992 |  0.72813034 |  | 2.08473206 |
|    984    |  0.02050400  | 0.31328201 |  0.73957443 |  | 2.11238861 |
|    985    |  0.02050400  | 0.32281876 |  0.73933601 |  | 2.14576721 |
|    986    |  0.02002716  | 0.31185150 |  0.72550774 |  | 2.08020210 |
|    987    |  0.02002716  | 0.31733513 |  0.73218346 |  | 2.09283829 |
|    988    |  0.02026558  | 0.31399727 |  0.75101852 |  | 2.12407112 |
|    989    |  0.02098083  | 0.32401085 |  0.74768066 |  | 2.13456154 |
|    990    |  0.02098083  | 0.32281876 |  0.72574615 |  | 2.11930275 |
|    991    |  0.02002716  | 0.31566620 |  0.73695183 |  | 2.10928917 |
|    992    |  0.02050400  | 0.31995773 |  0.73432922 |  | 2.10928917 |
|    993    |  0.02050400  | 0.31399727 |  0.74744225 |  | 2.11906433 |
|    994    |  0.02527237  | 0.32186508 |  0.73003769 |  | 2.12264061 |
|    995    |  0.02026558  | 0.31304359 |  0.73409081 |  | 2.10475922 |
|    996    |  0.02026558  | 0.32186508 |  0.73766708 |  | 2.12287903 |
|    997    |  0.02026558  | 0.31590462 |  0.73432922 |  | 2.10547447 |
|    998    |  0.02026558  | 0.31042099 |  0.74362755 |  | 2.13336945 |
|    999    |  0.02050400  | 0.31781197 |  0.72932243 |  | 2.09283829 |
|    1000   |  0.02026558  | 0.31638145 |  0.73289871 |  | 2.09832191 |
+-----------+--------------+------------+-------------+--+------------+
|  Average  |  0.02109194  | 0.32639837 |  0.76044464 |  | 2.17734122 |
+-----------+--------------+------------+-------------+--+------------+
Key gen avg + sign avg + verify time: 3.28527617 ms
