Timing Results, AES-128 as Encryption/Decryption, SHA-512 with HMAC for secure vault update:
+-----------+--------------+--------------+----------------+--+------------+
| Device ID | Encrypt (ms) | Decrypt (ms) | SV Update (ms) |  | Auth. (ms) |
+-----------+--------------+--------------+----------------+--+------------+
|     1     |  0.02336502  |  0.00524521  |   0.02169609   |  | 0.11038780 |
|     2     |  0.02121925  |  0.00977516  |   0.03004074   |  | 0.15592575 |
|     3     |  0.01668930  |  0.00834465  |   0.02717972   |  | 0.14615059 |
|     4     |  0.02002716  |  0.00548363  |   0.02360344   |  | 0.11539459 |
|     5     |  0.02121925  |  0.00905991  |   0.02956390   |  | 0.16164780 |
|     6     |  0.03933907  |  0.00882149  |   0.03790855   |  | 0.22077560 |
|     7     |  0.01788139  |  0.00548363  |   0.02193451   |  | 0.12969971 |
|     8     |  0.02145767  |  0.00929832  |   0.02908707   |  | 0.16713142 |
|     9     |  0.03790855  |  0.00786781  |   0.05078316   |  | 0.22172928 |
|     10    |  0.03862381  |  0.00810623  |   0.03910065   |  | 0.20885468 |
|     11    |  0.04911423  |  0.00929832  |   0.03862381   |  | 0.22721291 |
|     12    |  0.04291534  |  0.00810623  |   0.04577637   |  | 0.22459030 |
|     13    |  0.03314018  |  0.00762939  |   0.03933907   |  | 0.18358231 |
|     14    |  0.01549721  |  0.00953674  |   0.01931190   |  | 0.10848045 |
|     15    |  0.02288818  |  0.00739098  |   0.02884865   |  | 0.15473366 |
|     16    |  0.02145767  |  0.00810623  |   0.03004074   |  | 0.16140938 |
|     17    |  0.03743172  |  0.00762939  |   0.06055832   |  | 0.21982193 |
|     18    |  0.03838539  |  0.00977516  |   0.04220009   |  | 0.21171570 |
|     19    |  0.04839897  |  0.00810623  |   0.03886223   |  | 0.21719933 |
|     20    |  0.03719330  |  0.00548363  |   0.03767014   |  | 0.20456314 |
|     21    |  0.03695488  |  0.00786781  |   0.03695488   |  | 0.21195412 |
|     22    |  0.03743172  |  0.00977516  |   0.03623962   |  | 0.21195412 |
|     23    |  0.04887581  |  0.00739098  |   0.03838539   |  | 0.22935867 |
|     24    |  0.03814697  |  0.00882149  |   0.03838539   |  | 0.20885468 |
|     25    |  0.03194809  |  0.00596046  |   0.03099442   |  | 0.17070770 |
|     26    |  0.03743172  |  0.00762939  |   0.03647804   |  | 0.19741058 |
|     27    |  0.04243851  |  0.00596046  |   0.02813339   |  | 0.16880035 |
|     28    |  0.03242493  |  0.00572205  |   0.04005432   |  | 0.17309189 |
|     29    |  0.03743172  |  0.00786781  |   0.03671646   |  | 0.19693375 |
|     30    |  0.03218651  |  0.00596046  |   0.02908707   |  | 0.17142296 |
|     31    |  0.04553795  |  0.00762939  |   0.03910065   |  | 0.22768974 |
|     32    |  0.03862381  |  0.00834465  |   0.03957748   |  | 0.21028519 |
|     33    |  0.03743172  |  0.00762939  |   0.04696846   |  | 0.20766258 |
|     34    |  0.04315376  |  0.00810623  |   0.03838539   |  | 0.22101402 |
|     35    |  0.03290176  |  0.00572205  |   0.02932549   |  | 0.17356873 |
|     36    |  0.03838539  |  0.00762939  |   0.04625320   |  | 0.19788742 |
|     37    |  0.03767014  |  0.00834465  |   0.04577637   |  | 0.20718575 |
|     38    |  0.03719330  |  0.00786781  |   0.03576279   |  | 0.20694733 |
|     39    |  0.03504753  |  0.00572205  |   0.03099442   |  | 0.17571449 |
|     40    |  0.03933907  |  0.00810623  |   0.03886223   |  | 0.22077560 |
|     41    |  0.03671646  |  0.00715256  |   0.04863739   |  | 0.20980835 |
|     42    |  0.03743172  |  0.00810623  |   0.03290176   |  | 0.20956993 |
|     43    |  0.03623962  |  0.00810623  |   0.03504753   |  | 0.20909309 |
|     44    |  0.03671646  |  0.00786781  |   0.04673004   |  | 0.20837784 |
|     45    |  0.03147125  |  0.00548363  |   0.02980232   |  | 0.16069412 |
|     46    |  0.03743172  |  0.00739098  |   0.03552437   |  | 0.23055077 |
|     47    |  0.03695488  |  0.00715256  |   0.03981590   |  | 0.22959709 |
|     48    |  0.03743172  |  0.00786781  |   0.03671646   |  | 0.21028519 |
|     49    |  0.03242493  |  0.01597404  |   0.02884865   |  | 0.17166138 |
|     50    |  0.03671646  |  0.00762939  |   0.05054474   |  | 0.21457672 |
|     51    |  0.03147125  |  0.00572205  |   0.02813339   |  | 0.17142296 |
|     52    |  0.01955032  |  0.00834465  |   0.03170967   |  | 0.15044212 |
|     53    |  0.03623962  |  0.00762939  |   0.03600121   |  | 0.19717216 |
|     54    |  0.02169609  |  0.00834465  |   0.02956390   |  | 0.16140938 |
|     55    |  0.01835823  |  0.00667572  |   0.03194809   |  | 0.14114380 |
|     56    |  0.03504753  |  0.00739098  |   0.03552437   |  | 0.19717216 |
|     57    |  0.02288818  |  0.00810623  |   0.03075600   |  | 0.17881393 |
|     58    |  0.03886223  |  0.00858307  |   0.04696846   |  | 0.22482872 |
|     59    |  0.01764297  |  0.00882149  |   0.02670288   |  | 0.14114380 |
|     60    |  0.68855286  |  0.00762939  |   0.02050400   |  | 0.82373619 |
|     61    |  0.01502037  |  0.00715256  |   0.02169609   |  | 0.11420250 |
|     62    |  0.01454353  |  0.00572205  |   0.01955032   |  | 0.10633469 |
|     63    |  0.03170967  |  0.01120567  |   0.02956390   |  | 0.18215179 |
|     64    |  0.02121925  |  0.00834465  |   0.03027916   |  | 0.16546249 |
|     65    |  0.02026558  |  0.00762939  |   0.02670288   |  | 0.14925003 |
|     66    |  0.04124641  |  0.00858307  |   0.04816055   |  | 0.22125244 |
|     67    |  0.03743172  |  0.00762939  |   0.03886223   |  | 0.21195412 |
|     68    |  0.02121925  |  0.00858307  |   0.02908707   |  | 0.16403198 |
|     69    |  0.02098083  |  0.00882149  |   0.03409386   |  | 0.17237663 |
|     70    |  0.01502037  |  0.00619888  |   0.01978874   |  | 0.10728836 |
|     71    |  0.02217293  |  0.00762939  |   0.02741814   |  | 0.16379356 |
|     72    |  0.02479553  |  0.00834465  |   0.02980232   |  | 0.16403198 |
|     73    |  0.02002716  |  0.00762939  |   0.02670288   |  | 0.14591217 |
|     74    |  0.02121925  |  0.01001358  |   0.03004074   |  | 0.17046928 |
|     75    |  0.01454353  |  0.00572205  |   0.02431870   |  | 0.11062622 |
|     76    |  0.02098083  |  0.00834465  |   0.02884865   |  | 0.17189980 |
|     77    |  0.02145767  |  0.00882149  |   0.03933907   |  | 0.16856194 |
|     78    |  0.02050400  |  0.00596046  |   0.01978874   |  | 0.12922287 |
|     79    |  0.02932549  |  0.00572205  |   0.02002716   |  | 0.12969971 |
|     80    |  0.02121925  |  0.00858307  |   0.03647804   |  | 0.16570091 |
|     81    |  0.02217293  |  0.00786781  |   0.02908707   |  | 0.15091896 |
|     82    |  0.01478195  |  0.00643730  |   0.02050400   |  | 0.11539459 |
|     83    |  0.01263618  |  0.00548363  |   0.02431870   |  | 0.10371208 |
|     84    |  0.01215935  |  0.00524521  |   0.01883507   |  | 0.09369850 |
|     85    |  0.01215935  |  0.00500679  |   0.02288818   |  | 0.09775162 |
|     86    |  0.01335144  |  0.00524521  |   0.01859665   |  | 0.11348724 |
|     87    |  0.01263618  |  0.00500679  |   0.01883507   |  | 0.10585785 |
|     88    |  0.01215935  |  0.00500679  |   0.02336502   |  | 0.10013580 |
|     89    |  0.01525879  |  0.00548363  |   0.01907349   |  | 0.09799004 |
|     90    |  0.01215935  |  0.00524521  |   0.01907349   |  | 0.09989738 |
|     91    |  0.01168251  |  0.00524521  |   0.02241135   |  | 0.10061264 |
|     92    |  0.01335144  |  0.00500679  |   0.01907349   |  | 0.09918213 |
|     93    |  0.01311302  |  0.00715256  |   0.01859665   |  | 0.10275841 |
|     94    |  0.01454353  |  0.00500679  |   0.01955032   |  | 0.10371208 |
|     95    |  0.01859665  |  0.00500679  |   0.02646446   |  | 0.12469292 |
|     96    |  0.01358986  |  0.00500679  |   0.02169609   |  | 0.10871887 |
|     97    |  0.01287460  |  0.00452995  |   0.01907349   |  | 0.09846687 |
|     98    |  0.01120567  |  0.00476837  |   0.01811981   |  | 0.09584427 |
|     99    |  0.01192093  |  0.00500679  |   0.02193451   |  | 0.09655952 |
|    100    |  0.01502037  |  0.00500679  |   0.02813339   |  | 0.11157990 |
|    101    |  0.01025200  |  0.01192093  |   0.01764297   |  | 0.09655952 |
|    102    |  0.01072884  |  0.00452995  |   0.01764297   |  | 0.08869171 |
|    103    |  0.01096725  |  0.00500679  |   0.01764297   |  | 0.09226799 |
|    104    |  0.01287460  |  0.00476837  |   0.01811981   |  | 0.09202957 |
|    105    |  0.01168251  |  0.00524521  |   0.01907349   |  | 0.09942055 |
|    106    |  0.01907349  |  0.00691414  |   0.02598763   |  | 0.13422966 |
|    107    |  0.01406670  |  0.00691414  |   0.02861023   |  | 0.12731552 |
|    108    |  0.02884865  |  0.00596046  |   0.02217293   |  | 0.13518333 |
|    109    |  0.01192093  |  0.00596046  |   0.01835823   |  | 0.10085106 |
|    110    |  0.01740456  |  0.00572205  |   0.02217293   |  | 0.13232231 |
|    111    |  0.01406670  |  0.00548363  |   0.02026558   |  | 0.11157990 |
|    112    |  0.01454353  |  0.00548363  |   0.02408028   |  | 0.10991096 |
|    113    |  0.01621246  |  0.00476837  |   0.02074242   |  | 0.10967255 |
|    114    |  0.01478195  |  0.00452995  |   0.01859665   |  | 0.09846687 |
|    115    |  0.01263618  |  0.00476837  |   0.02503395   |  | 0.10442734 |
|    116    |  0.01525879  |  0.00524521  |   0.02050400   |  | 0.10991096 |
|    117    |  0.01382828  |  0.01668930  |   0.02694130   |  | 0.14638901 |
|    118    |  0.01502037  |  0.00739098  |   0.03075600   |  | 0.14686584 |
|    119    |  0.02145767  |  0.00882149  |   0.03004074   |  | 0.16379356 |
|    120    |  0.02098083  |  0.00834465  |   0.03504753   |  | 0.16760826 |
|    121    |  0.02026558  |  0.01025200  |   0.03457069   |  | 0.26726723 |
|    122    |  0.01668930  |  0.00572205  |   0.02145767   |  | 0.12683868 |
|    123    |  0.02121925  |  0.01883507  |   0.03480911   |  | 0.17714500 |
|    124    |  0.02408028  |  0.00858307  |   0.02932549   |  | 0.16736984 |
|    125    |  0.01549721  |  0.00596046  |   0.01978874   |  | 0.11706352 |
|    126    |  0.01335144  |  0.00524521  |   0.02241135   |  | 0.11110306 |
|    127    |  0.01120567  |  0.00524521  |   0.02360344   |  | 0.10108948 |
|    128    |  0.01096725  |  0.00548363  |   0.02050400   |  | 0.10132790 |
|    129    |  0.01668930  |  0.00715256  |   0.03457069   |  | 0.14853477 |
|    130    |  0.01907349  |  0.00810623  |   0.02789497   |  | 0.15664101 |
|    131    |  0.01883507  |  0.00739098  |   0.04172325   |  | 0.16069412 |
|    132    |  0.02145767  |  0.00905991  |   0.02956390   |  | 0.16140938 |
|    133    |  0.02145767  |  0.00858307  |   0.02932549   |  | 0.16713142 |
|    134    |  0.01454353  |  0.00596046  |   0.02384186   |  | 0.11944771 |
|    135    |  0.02074242  |  0.00810623  |   0.02741814   |  | 0.15115738 |
|    136    |  0.02145767  |  0.00810623  |   0.03480911   |  | 0.16760826 |
|    137    |  0.02002716  |  0.00739098  |   0.02694130   |  | 0.14901161 |
|    138    |  0.02002716  |  0.00810623  |   0.02717972   |  | 0.15449524 |
|    139    |  0.01430511  |  0.00596046  |   0.02288818   |  | 0.11301041 |
|    140    |  0.01454353  |  0.00548363  |   0.01907349   |  | 0.10943413 |
|    141    |  0.02145767  |  0.00834465  |   0.02932549   |  | 0.18024445 |
|    142    |  0.01931190  |  0.00572205  |   0.02193451   |  | 0.12540817 |
|    143    |  0.01883507  |  0.00834465  |   0.02861023   |  | 0.15330315 |
|    144    |  0.01692772  |  0.00762939  |   0.02145767   |  | 0.12898445 |
|    145    |  0.01668930  |  0.01001358  |   0.02098083   |  | 0.15258789 |
|    146    |  0.02121925  |  0.01001358  |   0.02884865   |  | 0.16975403 |
|    147    |  0.01549721  |  0.00596046  |   0.02455711   |  | 0.11754036 |
|    148    |  0.01764297  |  0.00905991  |   0.03123283   |  | 0.16236305 |
|    149    |  0.02026558  |  0.00953674  |   0.02932549   |  | 0.17547607 |
|    150    |  0.01907349  |  0.00810623  |   0.03504753   |  | 0.15926361 |
|    151    |  0.01859665  |  0.00739098  |   0.02741814   |  | 0.15258789 |
|    152    |  0.02551079  |  0.01025200  |   0.02861023   |  | 0.16760826 |
|    153    |  0.01263618  |  0.00500679  |   0.01883507   |  | 0.09989738 |
|    154    |  0.01764297  |  0.00882149  |   0.02741814   |  | 0.15187263 |
|    155    |  0.01239777  |  0.00524521  |   0.02288818   |  | 0.10299683 |
|    156    |  0.01955032  |  0.00572205  |   0.01788139   |  | 0.11610985 |
|    157    |  0.01621246  |  0.00548363  |   0.01931190   |  | 0.11181831 |
|    158    |  0.01716614  |  0.00667572  |   0.03099442   |  | 0.14090538 |
|    159    |  0.01192093  |  0.00524521  |   0.01883507   |  | 0.09894371 |
|    160    |  0.01192093  |  0.00572205  |   0.01883507   |  | 0.10180473 |
|    161    |  0.01144409  |  0.00500679  |   0.01883507   |  | 0.10681152 |
|    162    |  0.01478195  |  0.00548363  |   0.02002716   |  | 0.12540817 |
|    163    |  0.03242493  |  0.00596046  |   0.03838539   |  | 0.18286705 |
|    164    |  0.01978874  |  0.00762939  |   0.02694130   |  | 0.15139580 |
|    165    |  0.01502037  |  0.00524521  |   0.02002716   |  | 0.12445450 |
|    166    |  0.01382828  |  0.00596046  |   0.02384186   |  | 0.11181831 |
|    167    |  0.01287460  |  0.00524521  |   0.01907349   |  | 0.10251999 |
|    168    |  0.01263618  |  0.00548363  |   0.01978874   |  | 0.10657310 |
|    169    |  0.01740456  |  0.00715256  |   0.03194809   |  | 0.15163422 |
|    170    |  0.01406670  |  0.00524521  |   0.01955032   |  | 0.10752678 |
|    171    |  0.01692772  |  0.00524521  |   0.02145767   |  | 0.10848045 |
|    172    |  0.01263618  |  0.00596046  |   0.01955032   |  | 0.10681152 |
|    173    |  0.01502037  |  0.00691414  |   0.02527237   |  | 0.13709068 |
|    174    |  0.01239777  |  0.00667572  |   0.02384186   |  | 0.12183189 |
|    175    |  0.03314018  |  0.00596046  |   0.02980232   |  | 0.19001961 |
|    176    |  0.03695488  |  0.00762939  |   0.03600121   |  | 0.22315979 |
|    177    |  0.03647804  |  0.00739098  |   0.05054474   |  | 0.22721291 |
|    178    |  0.03767014  |  0.00905991  |   0.03814697   |  | 0.23698807 |
|    179    |  0.03099442  |  0.00548363  |   0.03027916   |  | 0.19669533 |
|    180    |  0.03623962  |  0.00929832  |   0.03600121   |  | 0.22149086 |
|    181    |  0.03719330  |  0.00739098  |   0.03695488   |  | 0.21266937 |
|    182    |  0.03767014  |  0.00858307  |   0.06079674   |  | 0.24032593 |
|    183    |  0.03671646  |  0.00762939  |   0.03600121   |  | 0.21171570 |
|    184    |  0.03600121  |  0.01001358  |   0.03743172   |  | 0.28061867 |
|    185    |  0.03767014  |  0.00786781  |   0.04839897   |  | 0.24008751 |
|    186    |  0.03600121  |  0.00762939  |   0.03623962   |  | 0.21195412 |
|    187    |  0.03647804  |  0.00596046  |   0.03623962   |  | 0.21696091 |
|    188    |  0.03337860  |  0.00596046  |   0.03862381   |  | 0.19598007 |
|    189    |  0.03647804  |  0.00786781  |   0.03647804   |  | 0.22387505 |
|    190    |  0.03266335  |  0.00596046  |   0.04935265   |  | 0.19478798 |
|    191    |  0.03194809  |  0.00596046  |   0.03004074   |  | 0.17476082 |
|    192    |  0.03242493  |  0.00596046  |   0.03814697   |  | 0.19526482 |
|    193    |  0.02121925  |  0.00858307  |   0.03385544   |  | 0.17166138 |
|    194    |  0.01335144  |  0.00572205  |   0.01931190   |  | 0.10442734 |
|    195    |  0.01811981  |  0.01144409  |   0.02789497   |  | 0.15306473 |
|    196    |  0.01454353  |  0.00786781  |   0.02574921   |  | 0.14638901 |
|    197    |  0.01931190  |  0.01835823  |   0.02980232   |  | 0.18119812 |
|    198    |  0.01716614  |  0.00739098  |   0.02789497   |  | 0.14662743 |
|    199    |  0.01049042  |  0.00500679  |   0.01788139   |  | 0.09632111 |
|    200    |  0.01430511  |  0.00596046  |   0.01931190   |  | 0.11634827 |
|    201    |  0.04673004  |  0.00834465  |   0.04649162   |  | 0.23412704 |
|    202    |  0.03767014  |  0.00858307  |   0.03957748   |  | 0.22578239 |
|    203    |  0.03719330  |  0.01096725  |   0.03671646   |  | 0.21672249 |
|    204    |  0.01454353  |  0.00572205  |   0.01955032   |  | 0.11372566 |
|    205    |  0.02193451  |  0.00858307  |   0.02908707   |  | 0.17523766 |
|    206    |  0.03767014  |  0.00739098  |   0.04887581   |  | 0.24104118 |
|    207    |  0.03147125  |  0.00572205  |   0.02956390   |  | 0.17738342 |
|    208    |  0.04959106  |  0.00762939  |   0.03647804   |  | 0.22959709 |
|    209    |  0.03218651  |  0.00572205  |   0.03075600   |  | 0.17786026 |
|    210    |  0.04816055  |  0.00786781  |   0.03671646   |  | 0.22792816 |
|    211    |  0.04291534  |  0.00953674  |   0.03910065   |  | 0.26488304 |
|    212    |  0.03767014  |  0.00810623  |   0.03671646   |  | 0.22864342 |
|    213    |  0.03266335  |  0.00762939  |   0.03600121   |  | 0.20456314 |
|    214    |  0.03695488  |  0.00977516  |   0.04053116   |  | 0.24318695 |
|    215    |  0.03743172  |  0.00882149  |   0.03886223   |  | 0.22912025 |
|    216    |  0.04696846  |  0.00834465  |   0.03743172   |  | 0.23841858 |
|    217    |  0.01978874  |  0.00762939  |   0.03218651   |  | 0.16069412 |
|    218    |  0.04839897  |  0.00762939  |   0.03600121   |  | 0.22840500 |
|    219    |  0.03767014  |  0.00953674  |   0.03790855   |  | 0.25653839 |
|    220    |  0.03814697  |  0.00858307  |   0.04982948   |  | 0.25153160 |
|    221    |  0.03767014  |  0.01168251  |   0.04434586   |  | 0.24175644 |
|    222    |  0.03838539  |  0.00762939  |   0.04768372   |  | 0.23770332 |
|    223    |  0.03147125  |  0.00572205  |   0.02884865   |  | 0.17833710 |
|    224    |  0.03695488  |  0.00810623  |   0.03552437   |  | 0.24175644 |
|    225    |  0.03671646  |  0.00810623  |   0.04816055   |  | 0.22888184 |
|    226    |  0.01645088  |  0.00572205  |   0.02026558   |  | 0.11992455 |
|    227    |  0.03170967  |  0.00619888  |   0.02813339   |  | 0.20837784 |
|    228    |  0.03242493  |  0.00786781  |   0.04625320   |  | 0.20909309 |
|    229    |  0.03647804  |  0.00882149  |   0.03552437   |  | 0.23055077 |
|    230    |  0.03600121  |  0.00834465  |   0.03910065   |  | 0.22053719 |
|    231    |  0.03170967  |  0.00643730  |   0.02908707   |  | 0.17833710 |
|    232    |  0.03790855  |  0.00834465  |   0.03647804   |  | 0.24437904 |
|    233    |  0.03862381  |  0.01001358  |   0.05292892   |  | 0.25010109 |
|    234    |  0.06246567  |  0.00739098  |   0.03671646   |  | 0.26106834 |
|    235    |  0.03027916  |  0.00619888  |   0.02861023   |  | 0.20051003 |
|    236    |  0.03147125  |  0.00619888  |   0.03981590   |  | 0.19073486 |
|    237    |  0.03719330  |  0.00834465  |   0.03647804   |  | 0.21934509 |
|    238    |  0.03051758  |  0.00548363  |   0.03933907   |  | 0.18763542 |
|    239    |  0.03218651  |  0.00596046  |   0.02837181   |  | 0.19264221 |
|    240    |  0.03170967  |  0.00619888  |   0.02884865   |  | 0.18930435 |
|    241    |  0.03790855  |  0.00810623  |   0.04911423   |  | 0.24986267 |
|    242    |  0.05483627  |  0.01072884  |   0.03814697   |  | 0.25415421 |
|    243    |  0.03099442  |  0.00572205  |   0.02908707   |  | 0.19788742 |
|    244    |  0.03194809  |  0.00572205  |   0.03933907   |  | 0.18978119 |
|    245    |  0.03647804  |  0.00786781  |   0.03743172   |  | 0.23937225 |
|    246    |  0.11444092  |  0.02408028  |   0.03838539   |  | 0.35953522 |
|    247    |  0.03552437  |  0.00762939  |   0.03647804   |  | 0.22029877 |
|    248    |  0.02145767  |  0.00834465  |   0.03027916   |  | 0.17714500 |
|    249    |  0.03767014  |  0.00739098  |   0.04720688   |  | 0.23221970 |
|    250    |  0.03242493  |  0.00596046  |   0.03004074   |  | 0.17929077 |
|    251    |  0.03814697  |  0.00762939  |   0.03623962   |  | 0.22339821 |
|    252    |  0.03790855  |  0.00810623  |   0.04768372   |  | 0.23412704 |
|    253    |  0.03790855  |  0.00762939  |   0.03623962   |  | 0.23555756 |
|    254    |  0.03170967  |  0.01907349  |   0.02884865   |  | 0.19240379 |
|    255    |  0.03790855  |  0.01072884  |   0.04172325   |  | 0.23126602 |
|    256    |  0.03194809  |  0.00739098  |   0.02837181   |  | 0.19216537 |
|    257    |  0.03194809  |  0.00548363  |   0.03933907   |  | 0.20122528 |
|    258    |  0.01454353  |  0.00691414  |   0.01931190   |  | 0.12564659 |
|    259    |  0.04243851  |  0.00619888  |   0.02861023   |  | 0.19288063 |
|    260    |  0.03647804  |  0.00786781  |   0.04816055   |  | 0.23293495 |
|    261    |  0.03743172  |  0.00810623  |   0.03647804   |  | 0.22459030 |
|    262    |  0.04863739  |  0.00953674  |   0.02861023   |  | 0.25320053 |
|    263    |  0.03623962  |  0.00834465  |   0.03695488   |  | 0.22363663 |
|    264    |  0.05102158  |  0.00810623  |   0.03695488   |  | 0.25367737 |
|    265    |  0.04601479  |  0.01025200  |   0.03910065   |  | 0.25558472 |
|    266    |  0.03170967  |  0.00619888  |   0.02861023   |  | 0.20503998 |
|    267    |  0.04887581  |  0.00882149  |   0.03838539   |  | 0.24628639 |
|    268    |  0.03743172  |  0.00834465  |   0.04696846   |  | 0.23365021 |
|    269    |  0.02121925  |  0.00858307  |   0.02908707   |  | 0.17166138 |
|    270    |  0.03695488  |  0.00882149  |   0.03528595   |  | 0.22602081 |
|    271    |  0.03719330  |  0.00786781  |   0.04673004   |  | 0.23555756 |
|    272    |  0.05173683  |  0.00762939  |   0.03695488   |  | 0.24104118 |
|    273    |  0.03814697  |  0.00762939  |   0.04768372   |  | 0.24104118 |
|    274    |  0.03600121  |  0.00762939  |   0.03480911   |  | 0.23627281 |
|    275    |  0.03242493  |  0.00572205  |   0.02884865   |  | 0.19359589 |
|    276    |  0.03814697  |  0.00905991  |   0.05030632   |  | 0.24771690 |
|    277    |  0.01430511  |  0.00619888  |   0.02026558   |  | 0.11777878 |
|    278    |  0.01502037  |  0.00596046  |   0.02002716   |  | 0.12946129 |
|    279    |  0.02121925  |  0.00786781  |   0.03504753   |  | 0.18548965 |
|    280    |  0.03242493  |  0.00596046  |   0.03647804   |  | 0.20575523 |
|    281    |  0.04243851  |  0.00619888  |   0.03051758   |  | 0.19598007 |
|    282    |  0.03552437  |  0.00762939  |   0.03552437   |  | 0.24604797 |
|    283    |  0.04005432  |  0.00810623  |   0.03671646   |  | 0.22459030 |
|    284    |  0.03647804  |  0.00762939  |   0.04768372   |  | 0.23603439 |
|    285    |  0.03767014  |  0.00596046  |   0.02884865   |  | 0.20360947 |
|    286    |  0.03099442  |  0.00548363  |   0.02908707   |  | 0.19407272 |
|    287    |  0.03290176  |  0.00548363  |   0.03743172   |  | 0.19359589 |
|    288    |  0.01549721  |  0.00619888  |   0.02455711   |  | 0.13875961 |
|    289    |  0.02312660  |  0.00762939  |   0.02956390   |  | 0.16474724 |
|    290    |  0.03194809  |  0.00596046  |   0.02908707   |  | 0.18334389 |
|    291    |  0.03886223  |  0.00882149  |   0.02956390   |  | 0.24271011 |
|    292    |  0.03623962  |  0.00762939  |   0.04792213   |  | 0.23937225 |
|    293    |  0.04291534  |  0.01144409  |   0.03719330   |  | 0.27275085 |
|    294    |  0.03600121  |  0.00810623  |   0.03647804   |  | 0.23889542 |
|    295    |  0.03790855  |  0.00882149  |   0.04935265   |  | 0.23984909 |
|    296    |  0.03743172  |  0.00786781  |   0.03671646   |  | 0.22768974 |
|    297    |  0.03743172  |  0.01168251  |   0.04243851   |  | 0.25081635 |
|    298    |  0.04172325  |  0.00596046  |   0.02956390   |  | 0.19741058 |
|    299    |  0.03123283  |  0.00572205  |   0.02884865   |  | 0.19001961 |
|    300    |  0.03647804  |  0.00572205  |   0.03957748   |  | 0.21767616 |
|    301    |  0.03075600  |  0.00905991  |   0.03123283   |  | 0.19645691 |
|    302    |  0.03218651  |  0.00548363  |   0.02861023   |  | 0.19645691 |
|    303    |  0.03600121  |  0.01931190  |   0.04649162   |  | 0.24914742 |
|    304    |  0.03623962  |  0.01025200  |   0.04673004   |  | 0.25606155 |
|    305    |  0.02002716  |  0.00667572  |   0.02050400   |  | 0.15377998 |
|    306    |  0.03695488  |  0.00786781  |   0.03719330   |  | 0.22864342 |
|    307    |  0.03743172  |  0.00762939  |   0.03600121   |  | 0.23984909 |
|    308    |  0.03600121  |  0.00905991  |   0.04887581   |  | 0.23913383 |
|    309    |  0.02956390  |  0.00667572  |   0.03623962   |  | 0.21266937 |
|    310    |  0.04982948  |  0.00905991  |   0.03814697   |  | 0.25653839 |
|    311    |  0.03623962  |  0.00858307  |   0.04839897   |  | 0.25391579 |
|    312    |  0.03790855  |  0.00834465  |   0.03623962   |  | 0.25486946 |
|    313    |  0.03218651  |  0.00691414  |   0.02789497   |  | 0.20265579 |
|    314    |  0.03695488  |  0.00834465  |   0.03576279   |  | 0.23818016 |
|    315    |  0.03767014  |  0.00810623  |   0.04959106   |  | 0.24342537 |
|    316    |  0.04172325  |  0.00786781  |   0.04768372   |  | 0.27370453 |
|    317    |  0.03886223  |  0.00643730  |   0.02789497   |  | 0.24175644 |
|    318    |  0.05054474  |  0.00834465  |   0.03838539   |  | 0.25868416 |
|    319    |  0.03838539  |  0.00762939  |   0.04649162   |  | 0.25701523 |
|    320    |  0.03838539  |  0.00882149  |   0.03528595   |  | 0.23221970 |
|    321    |  0.03361702  |  0.00619888  |   0.02980232   |  | 0.19240379 |
|    322    |  0.03695488  |  0.00762939  |   0.04458427   |  | 0.23555756 |
|    323    |  0.03743172  |  0.00786781  |   0.04959106   |  | 0.25653839 |
|    324    |  0.04887581  |  0.00762939  |   0.03838539   |  | 0.22912025 |
|    325    |  0.03194809  |  0.00596046  |   0.02980232   |  | 0.18906593 |
|    326    |  0.03767014  |  0.00810623  |   0.03600121   |  | 0.24819374 |
|    327    |  0.03981590  |  0.00858307  |   0.05722046   |  | 0.25629997 |
|    328    |  0.04315376  |  0.00619888  |   0.03242493   |  | 0.21290779 |
|    329    |  0.03695488  |  0.00810623  |   0.03671646   |  | 0.24223328 |
|    330    |  0.03790855  |  0.00834465  |   0.04863739   |  | 0.25677681 |
|    331    |  0.03623962  |  0.00905991  |   0.03695488   |  | 0.23555756 |
|    332    |  0.03194809  |  0.00548363  |   0.03075600   |  | 0.20217896 |
|    333    |  0.03695488  |  0.00762939  |   0.03504753   |  | 0.21553040 |
|    334    |  0.03814697  |  0.00786781  |   0.03671646   |  | 0.24986267 |
|    335    |  0.04982948  |  0.00762939  |   0.04696846   |  | 0.25534630 |
|    336    |  0.04243851  |  0.00619888  |   0.02908707   |  | 0.21004677 |
|    337    |  0.03194809  |  0.00572205  |   0.02908707   |  | 0.20170212 |
|    338    |  0.03647804  |  0.00762939  |   0.04839897   |  | 0.24294853 |
|    339    |  0.04339218  |  0.00810623  |   0.03695488   |  | 0.24819374 |
|    340    |  0.03218651  |  0.00572205  |   0.03910065   |  | 0.20098686 |
|    341    |  0.03361702  |  0.00572205  |   0.02956390   |  | 0.19574165 |
|    342    |  0.03147125  |  0.01859665  |   0.02956390   |  | 0.21719933 |
|    343    |  0.03266335  |  0.00548363  |   0.03147125   |  | 0.19383430 |
|    344    |  0.04911423  |  0.00596046  |   0.02837181   |  | 0.24652481 |
|    345    |  0.03266335  |  0.00619888  |   0.02837181   |  | 0.20527840 |
|    346    |  0.03719330  |  0.00834465  |   0.03647804   |  | 0.23269653 |
|    347    |  0.03552437  |  0.00762939  |   0.03671646   |  | 0.24223328 |
|    348    |  0.05769730  |  0.00762939  |   0.02837181   |  | 0.22721291 |
|    349    |  0.01478195  |  0.00572205  |   0.02002716   |  | 0.11944771 |
|    350    |  0.03623962  |  0.00834465  |   0.03647804   |  | 0.24509430 |
|    351    |  0.03981590  |  0.00858307  |   0.04982948   |  | 0.26988983 |
|    352    |  0.01478195  |  0.00572205  |   0.02026558   |  | 0.12969971 |
|    353    |  0.03719330  |  0.00882149  |   0.03862381   |  | 0.24890900 |
|    354    |  0.03814697  |  0.00953674  |   0.04577637   |  | 0.26512146 |
|    355    |  0.03719330  |  0.00810623  |   0.03671646   |  | 0.24890900 |
|    356    |  0.03767014  |  0.01049042  |   0.03600121   |  | 0.24914742 |
|    357    |  0.03743172  |  0.00762939  |   0.03600121   |  | 0.25296211 |
|    358    |  0.03719330  |  0.00834465  |   0.03576279   |  | 0.24795532 |
|    359    |  0.03480911  |  0.00596046  |   0.04029274   |  | 0.21886826 |
|    360    |  0.03218651  |  0.00596046  |   0.02932549   |  | 0.19311905 |
|    361    |  0.02288818  |  0.00667572  |   0.02455711   |  | 0.15306473 |
|    362    |  0.02002716  |  0.00762939  |   0.02670288   |  | 0.16498566 |
|    363    |  0.03695488  |  0.00786781  |   0.03623962   |  | 0.23722649 |
|    364    |  0.03695488  |  0.00572205  |   0.02837181   |  | 0.21529198 |
|    365    |  0.03719330  |  0.00834465  |   0.03695488   |  | 0.26011467 |
|    366    |  0.03695488  |  0.00786781  |   0.03528595   |  | 0.24485588 |
|    367    |  0.03695488  |  0.00905991  |   0.04005432   |  | 0.25391579 |
|    368    |  0.03194809  |  0.00572205  |   0.02956390   |  | 0.19359589 |
|    369    |  0.03695488  |  0.00572205  |   0.02956390   |  | 0.19717216 |
|    370    |  0.01144409  |  0.00524521  |   0.02431870   |  | 0.11348724 |
|    371    |  0.08201599  |  0.00691414  |   0.01978874   |  | 0.21672249 |
|    372    |  0.01716614  |  0.00596046  |   0.02169609   |  | 0.12803078 |
|    373    |  0.02121925  |  0.00834465  |   0.03409386   |  | 0.18548965 |
|    374    |  0.02121925  |  0.00858307  |   0.02908707   |  | 0.17738342 |
|    375    |  0.01454353  |  0.00572205  |   0.02408028   |  | 0.13208389 |
|    376    |  0.01454353  |  0.00596046  |   0.02050400   |  | 0.12254715 |
|    377    |  0.02145767  |  0.00953674  |   0.03004074   |  | 0.18525124 |
|    378    |  0.02932549  |  0.00834465  |   0.03480911   |  | 0.19288063 |
|    379    |  0.02193451  |  0.00929832  |   0.02956390   |  | 0.19884109 |
|    380    |  0.02145767  |  0.01025200  |   0.02908707   |  | 0.18501282 |
|    381    |  0.03004074  |  0.00882149  |   0.03433228   |  | 0.19359589 |
|    382    |  0.02121925  |  0.00905991  |   0.02956390   |  | 0.18477440 |
|    383    |  0.01883507  |  0.00572205  |   0.02360344   |  | 0.14543533 |
|    384    |  0.01454353  |  0.00596046  |   0.02002716   |  | 0.12207031 |
|    385    |  0.02169609  |  0.00834465  |   0.03004074   |  | 0.18811226 |
|    386    |  0.02121925  |  0.00905991  |   0.03743172   |  | 0.18835068 |
|    387    |  0.01883507  |  0.00524521  |   0.01978874   |  | 0.12588501 |
|    388    |  0.01311302  |  0.01096725  |   0.01955032   |  | 0.12373924 |
|    389    |  0.01239777  |  0.00524521  |   0.02217293   |  | 0.11396408 |
|    390    |  0.01215935  |  0.00452995  |   0.01883507   |  | 0.10943413 |
|    391    |  0.01192093  |  0.00548363  |   0.02264977   |  | 0.11944771 |
|    392    |  0.01502037  |  0.00548363  |   0.01931190   |  | 0.12087822 |
|    393    |  0.01382828  |  0.00548363  |   0.01907349   |  | 0.12540817 |
|    394    |  0.01192093  |  0.00524521  |   0.02217293   |  | 0.11396408 |
|    395    |  0.02574921  |  0.00834465  |   0.02861023   |  | 0.18119812 |
|    396    |  0.01311302  |  0.00596046  |   0.01883507   |  | 0.11825562 |
|    397    |  0.01835823  |  0.00524521  |   0.02384186   |  | 0.12326241 |
|    398    |  0.01263618  |  0.00548363  |   0.01883507   |  | 0.11157990 |
|    399    |  0.01764297  |  0.01478195  |   0.02670288   |  | 0.16379356 |
|    400    |  0.01525879  |  0.00572205  |   0.01931190   |  | 0.11944771 |
|    401    |  0.01382828  |  0.00572205  |   0.01955032   |  | 0.13422966 |
|    402    |  0.01239777  |  0.00500679  |   0.02360344   |  | 0.11873245 |
|    403    |  0.01597404  |  0.00476837  |   0.01907349   |  | 0.11372566 |
|    404    |  0.02169609  |  0.00715256  |   0.02551079   |  | 0.16713142 |
|    405    |  0.01239777  |  0.00548363  |   0.02646446   |  | 0.11873245 |
|    406    |  0.01239777  |  0.00500679  |   0.01907349   |  | 0.11563301 |
|    407    |  0.02264977  |  0.00882149  |   0.02598763   |  | 0.15878677 |
|    408    |  0.01358986  |  0.00572205  |   0.01978874   |  | 0.13351440 |
|    409    |  0.01311302  |  0.00619888  |   0.02026558   |  | 0.12397766 |
|    410    |  0.01215935  |  0.00762939  |   0.03480911   |  | 0.14853477 |
|    411    |  0.01740456  |  0.00739098  |   0.02551079   |  | 0.15926361 |
|    412    |  0.01597404  |  0.00500679  |   0.01859665   |  | 0.11539459 |
|    413    |  0.01239777  |  0.00476837  |   0.02217293   |  | 0.11515617 |
|    414    |  0.01263618  |  0.00500679  |   0.02360344   |  | 0.12946129 |
|    415    |  0.01263618  |  0.00548363  |   0.02002716   |  | 0.11825562 |
|    416    |  0.01835823  |  0.00762939  |   0.02908707   |  | 0.17070770 |
|    417    |  0.01859665  |  0.00786781  |   0.02861023   |  | 0.17189980 |
|    418    |  0.01263618  |  0.00500679  |   0.02241135   |  | 0.12063980 |
|    419    |  0.01239777  |  0.00524521  |   0.01883507   |  | 0.11539459 |
|    420    |  0.01788139  |  0.00715256  |   0.02670288   |  | 0.15926361 |
|    421    |  0.01835823  |  0.00858307  |   0.03361702   |  | 0.17261505 |
|    422    |  0.02264977  |  0.01168251  |   0.04053116   |  | 0.25629997 |
|    423    |  0.01263618  |  0.00524521  |   0.01883507   |  | 0.11205673 |
|    424    |  0.01621246  |  0.00715256  |   0.03027916   |  | 0.16069412 |
|    425    |  0.01502037  |  0.00715256  |   0.02527237   |  | 0.15401840 |
|    426    |  0.01764297  |  0.00810623  |   0.03290176   |  | 0.16975403 |
|    427    |  0.01215935  |  0.00858307  |   0.01955032   |  | 0.11968613 |
|    428    |  0.01406670  |  0.00715256  |   0.02598763   |  | 0.15735626 |
|    429    |  0.01788139  |  0.00715256  |   0.03385544   |  | 0.17666817 |
|    430    |  0.02193451  |  0.00858307  |   0.03457069   |  | 0.20217896 |
|    431    |  0.02312660  |  0.00762939  |   0.02574921   |  | 0.17571449 |
|    432    |  0.01287460  |  0.00500679  |   0.02312660   |  | 0.11730194 |
|    433    |  0.01072884  |  0.00572205  |   0.01788139   |  | 0.11134148 |
|    434    |  0.01907349  |  0.00619888  |   0.02241135   |  | 0.19073486 |
|    435    |  0.01454353  |  0.00452995  |   0.01907349   |  | 0.11467934 |
|    436    |  0.01287460  |  0.00524521  |   0.01931190   |  | 0.11849403 |
|    437    |  0.01335144  |  0.00548363  |   0.02312660   |  | 0.12230873 |
|    438    |  0.01788139  |  0.00739098  |   0.02741814   |  | 0.16641617 |
|    439    |  0.01859665  |  0.00715256  |   0.03337860   |  | 0.18048286 |
|    440    |  0.01239777  |  0.00882149  |   0.02312660   |  | 0.12040138 |
|    441    |  0.01072884  |  0.00500679  |   0.01764297   |  | 0.10728836 |
|    442    |  0.01287460  |  0.00524521  |   0.02121925   |  | 0.12183189 |
|    443    |  0.01859665  |  0.00667572  |   0.02455711   |  | 0.15139580 |
|    444    |  0.01788139  |  0.00739098  |   0.03695488   |  | 0.18191338 |
|    445    |  0.01239777  |  0.00596046  |   0.02241135   |  | 0.12111664 |
|    446    |  0.01430511  |  0.00667572  |   0.02479553   |  | 0.14758110 |
|    447    |  0.01740456  |  0.00667572  |   0.02694130   |  | 0.16021729 |
|    448    |  0.01168251  |  0.00500679  |   0.02264977   |  | 0.11420250 |
|    449    |  0.01239777  |  0.00524521  |   0.01931190   |  | 0.11372566 |
|    450    |  0.02241135  |  0.00953674  |   0.02598763   |  | 0.16427040 |
|    451    |  0.01025200  |  0.00452995  |   0.01740456   |  | 0.10538101 |
|    452    |  0.01811981  |  0.00786781  |   0.02813339   |  | 0.17309189 |
|    453    |  0.01239777  |  0.00596046  |   0.02121925   |  | 0.12278557 |
|    454    |  0.01072884  |  0.00500679  |   0.01788139   |  | 0.10824203 |
|    455    |  0.01788139  |  0.00739098  |   0.02789497   |  | 0.17070770 |
|    456    |  0.01311302  |  0.00691414  |   0.02789497   |  | 0.14567375 |
|    457    |  0.01764297  |  0.00762939  |   0.02813339   |  | 0.16713142 |
|    458    |  0.01192093  |  0.00691414  |   0.01835823   |  | 0.11849403 |
|    459    |  0.01358986  |  0.00691414  |   0.02360344   |  | 0.14376640 |
|    460    |  0.01859665  |  0.00858307  |   0.03814697   |  | 0.18525124 |
|    461    |  0.01668930  |  0.00596046  |   0.02741814   |  | 0.17118454 |
|    462    |  0.01287460  |  0.00548363  |   0.01955032   |  | 0.11777878 |
|    463    |  0.02431870  |  0.00786781  |   0.02884865   |  | 0.17595291 |
|    464    |  0.01263618  |  0.00524521  |   0.02312660   |  | 0.12350082 |
|    465    |  0.01239777  |  0.00572205  |   0.01955032   |  | 0.11658669 |
|    466    |  0.01621246  |  0.00572205  |   0.02217293   |  | 0.12445450 |
|    467    |  0.01883507  |  0.00810623  |   0.02861023   |  | 0.17261505 |
|    468    |  0.01907349  |  0.00810623  |   0.02908707   |  | 0.18620491 |
|    469    |  0.01978874  |  0.00882149  |   0.03361702   |  | 0.17857552 |
|    470    |  0.02145767  |  0.00882149  |   0.03027916   |  | 0.19001961 |
|    471    |  0.01716614  |  0.00572205  |   0.02074242   |  | 0.13041496 |
|    472    |  0.01931190  |  0.00762939  |   0.04124641   |  | 0.18787384 |
|    473    |  0.01478195  |  0.00548363  |   0.01931190   |  | 0.12564659 |
|    474    |  0.01263618  |  0.00548363  |   0.01955032   |  | 0.11944771 |
|    475    |  0.01287460  |  0.00524521  |   0.02193451   |  | 0.11992455 |
|    476    |  0.01120567  |  0.00500679  |   0.01835823   |  | 0.11658669 |
|    477    |  0.02408028  |  0.00572205  |   0.02312660   |  | 0.19097328 |
|    478    |  0.03767014  |  0.00762939  |   0.05006790   |  | 0.26512146 |
|    479    |  0.03314018  |  0.00596046  |   0.02765656   |  | 0.21648407 |
|    480    |  0.04196167  |  0.00572205  |   0.03170967   |  | 0.21886826 |
|    481    |  0.03910065  |  0.00786781  |   0.04243851   |  | 0.39815903 |
|    482    |  0.03623962  |  0.00762939  |   0.03576279   |  | 0.25153160 |
|    483    |  0.01573563  |  0.00596046  |   0.02622604   |  | 0.19502640 |
|    484    |  0.03075600  |  0.00619888  |   0.02884865   |  | 0.22435188 |
|    485    |  0.02455711  |  0.01263618  |   0.03480911   |  | 0.22983551 |
|    486    |  0.01788139  |  0.00667572  |   0.02646446   |  | 0.16522408 |
|    487    |  0.01454353  |  0.00572205  |   0.01978874   |  | 0.13089180 |
|    488    |  0.02121925  |  0.00834465  |   0.03457069   |  | 0.19288063 |
|    489    |  0.04959106  |  0.00882149  |   0.03886223   |  | 0.27823448 |
|    490    |  0.03814697  |  0.00786781  |   0.03623962   |  | 0.27465820 |
|    491    |  0.03647804  |  0.00905991  |   0.04887581   |  | 0.27465820 |
|    492    |  0.01978874  |  0.00905991  |   0.02741814   |  | 0.18548965 |
|    493    |  0.03695488  |  0.00882149  |   0.03719330   |  | 0.25296211 |
|    494    |  0.03671646  |  0.00858307  |   0.05269051   |  | 0.28204918 |
|    495    |  0.03576279  |  0.00762939  |   0.03671646   |  | 0.26059151 |
|    496    |  0.11301041  |  0.01049042  |   0.05960464   |  | 0.40221214 |
|    497    |  0.03623962  |  0.00810623  |   0.03552437   |  | 0.25153160 |
|    498    |  0.03814697  |  0.00572205  |   0.02956390   |  | 0.21553040 |
|    499    |  0.03814697  |  0.00882149  |   0.05078316   |  | 0.27823448 |
|    500    |  0.03147125  |  0.00572205  |   0.02813339   |  | 0.21886826 |
|    501    |  0.02145767  |  0.01215935  |   0.02956390   |  | 0.20146370 |
|    502    |  0.04458427  |  0.00858307  |   0.03647804   |  | 0.27608871 |
|    503    |  0.03147125  |  0.00548363  |   0.02861023   |  | 0.21886826 |
|    504    |  0.03647804  |  0.00882149  |   0.04673004   |  | 0.26369095 |
|    505    |  0.04887581  |  0.00834465  |   0.03576279   |  | 0.26631355 |
|    506    |  0.01478195  |  0.00619888  |   0.01978874   |  | 0.13256073 |
|    507    |  0.03242493  |  0.00596046  |   0.03075600   |  | 0.21123886 |
|    508    |  0.03910065  |  0.00882149  |   0.03910065   |  | 0.27012825 |
|    509    |  0.05078316  |  0.01883507  |   0.03623962   |  | 0.27966499 |
|    510    |  0.01502037  |  0.00596046  |   0.02002716   |  | 0.14519691 |
|    511    |  0.02002716  |  0.00786781  |   0.02670288   |  | 0.17929077 |
|    512    |  0.04553795  |  0.00739098  |   0.04887581   |  | 0.27346611 |
|    513    |  0.01716614  |  0.00762939  |   0.02837181   |  | 0.17642975 |
|    514    |  0.01835823  |  0.00572205  |   0.02002716   |  | 0.14948845 |
|    515    |  0.01406670  |  0.00500679  |   0.02002716   |  | 0.12612343 |
|    516    |  0.01788139  |  0.00596046  |   0.02193451   |  | 0.14472008 |
|    517    |  0.03433228  |  0.00858307  |   0.03767014   |  | 0.27823448 |
|    518    |  0.03910065  |  0.00810623  |   0.04148483   |  | 0.30970573 |
|    519    |  0.03552437  |  0.00572205  |   0.03027916   |  | 0.22959709 |
|    520    |  0.01382828  |  0.00762939  |   0.02861023   |  | 0.16522408 |
|    521    |  0.01740456  |  0.00596046  |   0.02622604   |  | 0.15139580 |
|    522    |  0.01859665  |  0.00596046  |   0.01978874   |  | 0.13804436 |
|    523    |  0.02241135  |  0.01096725  |   0.03695488   |  | 0.21767616 |
|    524    |  0.01478195  |  0.00596046  |   0.02026558   |  | 0.13232231 |
|    525    |  0.02026558  |  0.00810623  |   0.02050400   |  | 0.18978119 |
|    526    |  0.01454353  |  0.00619888  |   0.02217293   |  | 0.13184547 |
|    527    |  0.02098083  |  0.00810623  |   0.02956390   |  | 0.18811226 |
|    528    |  0.01454353  |  0.00572205  |   0.02384186   |  | 0.13351440 |
|    529    |  0.01788139  |  0.00596046  |   0.01931190   |  | 0.13494492 |
|    530    |  0.02384186  |  0.00572205  |   0.02408028   |  | 0.17690659 |
|    531    |  0.02121925  |  0.00596046  |   0.02360344   |  | 0.18167496 |
|    532    |  0.01573563  |  0.00643730  |   0.02551079   |  | 0.14543533 |
|    533    |  0.01502037  |  0.00834465  |   0.02574921   |  | 0.15926361 |
|    534    |  0.02765656  |  0.00858307  |   0.03933907   |  | 0.23508072 |
|    535    |  0.01478195  |  0.00643730  |   0.01955032   |  | 0.13303757 |
|    536    |  0.01478195  |  0.00619888  |   0.02217293   |  | 0.14328957 |
|    537    |  0.02431870  |  0.00596046  |   0.02622604   |  | 0.18906593 |
|    538    |  0.02241135  |  0.00834465  |   0.02980232   |  | 0.20670891 |
|    539    |  0.01478195  |  0.00619888  |   0.02527237   |  | 0.15091896 |
|    540    |  0.02360344  |  0.00548363  |   0.02455711   |  | 0.18143654 |
|    541    |  0.01955032  |  0.00643730  |   0.02241135   |  | 0.17166138 |
|    542    |  0.02264977  |  0.00882149  |   0.04172325   |  | 0.21147728 |
|    543    |  0.03385544  |  0.00596046  |   0.03027916   |  | 0.22554398 |
|    544    |  0.04363060  |  0.00905991  |   0.04744530   |  | 0.32973289 |
|    545    |  0.02837181  |  0.00548363  |   0.02622604   |  | 0.19764900 |
|    546    |  0.02646446  |  0.00929832  |   0.03433228   |  | 0.25987625 |
|    547    |  0.02646446  |  0.00643730  |   0.03671646   |  | 0.24390221 |
|    548    |  0.01764297  |  0.00596046  |   0.02121925   |  | 0.15187263 |
|    549    |  0.01335144  |  0.00548363  |   0.01931190   |  | 0.13232231 |
|    550    |  0.02956390  |  0.00786781  |   0.04315376   |  | 0.22339821 |
|    551    |  0.02789497  |  0.00572205  |   0.02670288   |  | 0.20051003 |
|    552    |  0.02384186  |  0.01049042  |   0.02765656   |  | 0.19788742 |
|    553    |  0.02408028  |  0.00810623  |   0.03099442   |  | 0.21433830 |
|    554    |  0.02813339  |  0.00596046  |   0.02503395   |  | 0.20337105 |
|    555    |  0.03337860  |  0.00953674  |   0.04315376   |  | 0.26082993 |
|    556    |  0.02169609  |  0.00905991  |   0.02884865   |  | 0.19621849 |
|    557    |  0.01931190  |  0.00548363  |   0.02312660   |  | 0.16856194 |
|    558    |  0.04029274  |  0.02360344  |   0.04482269   |  | 0.37169456 |
|    559    |  0.02956390  |  0.00667572  |   0.02908707   |  | 0.23555756 |
|    560    |  0.02789497  |  0.01430511  |   0.03242493   |  | 0.24271011 |
|    561    |  0.03504753  |  0.00572205  |   0.03051758   |  | 0.24366379 |
|    562    |  0.03027916  |  0.00643730  |   0.02670288   |  | 0.23341179 |
|    563    |  0.03790855  |  0.00929832  |   0.04386902   |  | 0.29778481 |
|    564    |  0.04029274  |  0.00977516  |   0.04053116   |  | 0.30350685 |
|    565    |  0.04267693  |  0.00882149  |   0.03528595   |  | 0.26822090 |
|    566    |  0.03027916  |  0.00858307  |   0.03457069   |  | 0.25606155 |
|    567    |  0.02765656  |  0.00929832  |   0.03290176   |  | 0.23484230 |
|    568    |  0.02837181  |  0.00667572  |   0.02384186   |  | 0.18715858 |
|    569    |  0.02384186  |  0.00929832  |   0.02169609   |  | 0.21314621 |
|    570    |  0.02169609  |  0.00882149  |   0.02908707   |  | 0.21171570 |
|    571    |  0.01549721  |  0.00619888  |   0.03266335   |  | 0.16260147 |
|    572    |  0.02741814  |  0.00619888  |   0.02741814   |  | 0.20694733 |
|    573    |  0.02789497  |  0.00905991  |   0.03027916   |  | 0.21505356 |
|    574    |  0.02145767  |  0.00882149  |   0.03457069   |  | 0.20098686 |
|    575    |  0.02217293  |  0.00858307  |   0.02908707   |  | 0.20813942 |
|    576    |  0.02002716  |  0.00858307  |   0.02741814   |  | 0.18572807 |
|    577    |  0.03719330  |  0.00858307  |   0.04005432   |  | 0.27084351 |
|    578    |  0.03767014  |  0.00882149  |   0.03790855   |  | 0.29301643 |
|    579    |  0.03719330  |  0.00834465  |   0.05221367   |  | 0.28038025 |
|    580    |  0.03719330  |  0.00858307  |   0.03647804   |  | 0.26321411 |
|    581    |  0.04076958  |  0.00834465  |   0.03838539   |  | 0.29206276 |
|    582    |  0.03814697  |  0.00858307  |   0.05030632   |  | 0.29277802 |
|    583    |  0.03600121  |  0.00762939  |   0.03647804   |  | 0.27108192 |
|    584    |  0.08940697  |  0.00929832  |   0.03600121   |  | 0.35524368 |
|    585    |  0.03695488  |  0.00715256  |   0.03933907   |  | 0.27084351 |
|    586    |  0.03218651  |  0.00715256  |   0.03886223   |  | 0.23889542 |
|    587    |  0.04816055  |  0.00810623  |   0.03862381   |  | 0.27656555 |
|    588    |  0.03981590  |  0.00596046  |   0.02956390   |  | 0.22912025 |
|    589    |  0.03147125  |  0.00596046  |   0.02813339   |  | 0.22673607 |
|    590    |  0.02026558  |  0.00762939  |   0.03170967   |  | 0.19574165 |
|    591    |  0.03767014  |  0.00810623  |   0.03528595   |  | 0.26392937 |
|    592    |  0.03170967  |  0.00643730  |   0.02861023   |  | 0.23031235 |
|    593    |  0.03194809  |  0.00715256  |   0.03528595   |  | 0.23603439 |
|    594    |  0.03147125  |  0.00596046  |   0.02932549   |  | 0.21696091 |
|    595    |  0.03743172  |  0.00858307  |   0.03623962   |  | 0.26679039 |
|    596    |  0.03695488  |  0.00786781  |   0.03647804   |  | 0.26512146 |
|    597    |  0.03719330  |  0.00786781  |   0.03600121   |  | 0.28324127 |
|    598    |  0.03719330  |  0.00810623  |   0.03910065   |  | 0.27418137 |
|    599    |  0.01502037  |  0.00572205  |   0.01978874   |  | 0.13470650 |
|    600    |  0.01883507  |  0.01072884  |   0.03099442   |  | 0.20790100 |
|    601    |  0.01502037  |  0.00596046  |   0.02050400   |  | 0.14257431 |
|    602    |  0.01978874  |  0.00786781  |   0.02670288   |  | 0.18978119 |
|    603    |  0.03838539  |  0.01168251  |   0.03671646   |  | 0.29063225 |
|    604    |  0.03552437  |  0.00810623  |   0.03647804   |  | 0.28109550 |
|    605    |  0.03147125  |  0.00619888  |   0.02861023   |  | 0.23269653 |
|    606    |  0.04124641  |  0.00572205  |   0.03838539   |  | 0.23913383 |
|    607    |  0.03719330  |  0.00786781  |   0.03623962   |  | 0.26631355 |
|    608    |  0.03361702  |  0.00548363  |   0.02861023   |  | 0.23221970 |
|    609    |  0.03695488  |  0.00762939  |   0.04744530   |  | 0.29134750 |
|    610    |  0.01478195  |  0.00572205  |   0.02026558   |  | 0.13494492 |
|    611    |  0.03671646  |  0.01978874  |   0.03623962   |  | 0.27918816 |
|    612    |  0.04363060  |  0.00596046  |   0.02908707   |  | 0.23365021 |
|    613    |  0.03194809  |  0.00548363  |   0.02861023   |  | 0.23078918 |
|    614    |  0.02002716  |  0.00810623  |   0.03242493   |  | 0.18668175 |
|    615    |  0.04935265  |  0.00762939  |   0.03671646   |  | 0.27894974 |
|    616    |  0.04315376  |  0.00786781  |   0.03600121   |  | 0.28705597 |
|    617    |  0.03218651  |  0.00572205  |   0.03409386   |  | 0.22578239 |
|    618    |  0.03767014  |  0.00810623  |   0.03623962   |  | 0.29015541 |
|    619    |  0.03123283  |  0.00929832  |   0.03314018   |  | 0.23555756 |
|    620    |  0.01549721  |  0.00643730  |   0.02002716   |  | 0.15139580 |
|    621    |  0.07486343  |  0.00619888  |   0.01931190   |  | 0.22602081 |
|    622    |  0.01835823  |  0.00715256  |   0.03147125   |  | 0.17786026 |
|    623    |  0.01311302  |  0.00524521  |   0.01883507   |  | 0.12135506 |
|    624    |  0.01668930  |  0.00500679  |   0.01907349   |  | 0.13303757 |
|    625    |  0.01358986  |  0.00500679  |   0.02717972   |  | 0.12946129 |
|    626    |  0.01931190  |  0.00643730  |   0.02431870   |  | 0.16546249 |
|    627    |  0.01454353  |  0.00619888  |   0.02002716   |  | 0.14209747 |
|    628    |  0.01454353  |  0.00572205  |   0.02312660   |  | 0.13709068 |
|    629    |  0.01454353  |  0.00596046  |   0.01931190   |  | 0.13303757 |
|    630    |  0.01621246  |  0.00596046  |   0.02527237   |  | 0.15020370 |
|    631    |  0.02670288  |  0.00858307  |   0.02980232   |  | 0.20647049 |
|    632    |  0.02169609  |  0.00953674  |   0.02932549   |  | 0.22363663 |
|    633    |  0.01406670  |  0.00762939  |   0.02598763   |  | 0.16927719 |
|    634    |  0.01525879  |  0.00739098  |   0.02694130   |  | 0.17833710 |
|    635    |  0.01978874  |  0.00786781  |   0.03242493   |  | 0.19168854 |
|    636    |  0.02145767  |  0.00810623  |   0.03552437   |  | 0.20360947 |
|    637    |  0.02121925  |  0.00596046  |   0.02026558   |  | 0.17333031 |
|    638    |  0.03218651  |  0.00619888  |   0.03790855   |  | 0.23984909 |
|    639    |  0.02503395  |  0.00762939  |   0.02765656   |  | 0.18811226 |
|    640    |  0.02121925  |  0.00762939  |   0.02670288   |  | 0.21195412 |
|    641    |  0.03886223  |  0.00905991  |   0.05102158   |  | 0.30875206 |
|    642    |  0.03123283  |  0.00619888  |   0.02908707   |  | 0.23245811 |
|    643    |  0.02169609  |  0.00858307  |   0.02932549   |  | 0.20360947 |
|    644    |  0.02622604  |  0.00882149  |   0.03385544   |  | 0.21529198 |
|    645    |  0.02121925  |  0.00834465  |   0.02908707   |  | 0.19621849 |
|    646    |  0.03719330  |  0.00834465  |   0.04863739   |  | 0.29230118 |
|    647    |  0.02002716  |  0.00810623  |   0.02670288   |  | 0.18143654 |
|    648    |  0.02026558  |  0.00810623  |   0.02670288   |  | 0.18763542 |
|    649    |  0.01430511  |  0.00572205  |   0.02336502   |  | 0.13756752 |
|    650    |  0.02121925  |  0.00810623  |   0.03027916   |  | 0.19907951 |
|    651    |  0.03671646  |  0.00858307  |   0.03886223   |  | 0.29349327 |
|    652    |  0.03671646  |  0.00762939  |   0.04863739   |  | 0.29253960 |
|    653    |  0.02121925  |  0.00929832  |   0.02884865   |  | 0.19979477 |
|    654    |  0.02145767  |  0.01144409  |   0.02932549   |  | 0.20551682 |
|    655    |  0.01978874  |  0.00929832  |   0.02670288   |  | 0.20551682 |
|    656    |  0.02002716  |  0.00739098  |   0.02694130   |  | 0.18668175 |
|    657    |  0.03147125  |  0.00572205  |   0.03719330   |  | 0.23412704 |
|    658    |  0.01478195  |  0.01096725  |   0.02717972   |  | 0.15640259 |
|    659    |  0.02145767  |  0.00882149  |   0.02932549   |  | 0.20575523 |
|    660    |  0.05745888  |  0.00786781  |   0.03933907   |  | 0.31447411 |
|    661    |  0.02145767  |  0.00858307  |   0.03004074   |  | 0.20933151 |
|    662    |  0.05578995  |  0.01192093  |   0.03814697   |  | 0.31590462 |
|    663    |  0.03433228  |  0.00739098  |   0.03647804   |  | 0.27298927 |
|    664    |  0.02145767  |  0.00810623  |   0.02908707   |  | 0.20861626 |
|    665    |  0.02145767  |  0.00905991  |   0.03623962   |  | 0.20694733 |
|    666    |  0.02098083  |  0.00834465  |   0.02980232   |  | 0.19931793 |
|    667    |  0.02670288  |  0.00858307  |   0.02956390   |  | 0.20456314 |
|    668    |  0.01978874  |  0.00786781  |   0.04148483   |  | 0.20456314 |
|    669    |  0.02002716  |  0.01335144  |   0.02932549   |  | 0.19240379 |
|    670    |  0.02121925  |  0.01025200  |   0.02956390   |  | 0.20575523 |
|    671    |  0.02169609  |  0.01645088  |   0.02908707   |  | 0.21314621 |
|    672    |  0.02002716  |  0.00762939  |   0.03433228   |  | 0.19907951 |
|    673    |  0.01478195  |  0.00572205  |   0.02431870   |  | 0.14400482 |
|    674    |  0.02121925  |  0.00929832  |   0.02884865   |  | 0.20098686 |
|    675    |  0.01788139  |  0.00572205  |   0.01978874   |  | 0.13875961 |
|    676    |  0.01955032  |  0.00762939  |   0.03147125   |  | 0.18763542 |
|    677    |  0.02121925  |  0.00810623  |   0.02908707   |  | 0.19884109 |
|    678    |  0.02622604  |  0.00929832  |   0.02956390   |  | 0.20933151 |
|    679    |  0.02026558  |  0.00762939  |   0.03170967   |  | 0.20265579 |
|    680    |  0.01454353  |  0.00572205  |   0.02002716   |  | 0.13637543 |
|    681    |  0.03814697  |  0.00929832  |   0.04982948   |  | 0.31256676 |
|    682    |  0.02145767  |  0.00810623  |   0.02980232   |  | 0.20027161 |
|    683    |  0.03314018  |  0.00619888  |   0.03051758   |  | 0.25081635 |
|    684    |  0.01955032  |  0.00953674  |   0.03314018   |  | 0.22339821 |
|    685    |  0.01978874  |  0.00810623  |   0.02670288   |  | 0.18548965 |
|    686    |  0.02002716  |  0.00762939  |   0.02717972   |  | 0.20670891 |
|    687    |  0.02002716  |  0.00810623  |   0.03242493   |  | 0.19168854 |
|    688    |  0.02026558  |  0.00858307  |   0.02741814   |  | 0.18262863 |
|    689    |  0.03075600  |  0.00858307  |   0.03266335   |  | 0.22578239 |
|    690    |  0.02145767  |  0.00882149  |   0.02884865   |  | 0.20146370 |
|    691    |  0.02145767  |  0.00786781  |   0.02908707   |  | 0.21862984 |
|    692    |  0.01978874  |  0.00786781  |   0.05197525   |  | 0.21195412 |
|    693    |  0.02026558  |  0.00739098  |   0.02646446   |  | 0.18525124 |
|    694    |  0.01668930  |  0.00858307  |   0.02908707   |  | 0.19025803 |
|    695    |  0.01835823  |  0.00691414  |   0.03147125   |  | 0.18405914 |
|    696    |  0.01382828  |  0.00572205  |   0.01955032   |  | 0.13136864 |
|    697    |  0.02050400  |  0.00667572  |   0.02694130   |  | 0.17166138 |
|    698    |  0.01335144  |  0.00667572  |   0.01907349   |  | 0.15139580 |
|    699    |  0.01692772  |  0.00715256  |   0.02551079   |  | 0.17642975 |
|    700    |  0.01239777  |  0.00572205  |   0.02312660   |  | 0.12969971 |
|    701    |  0.01597404  |  0.00715256  |   0.02574921   |  | 0.16999245 |
|    702    |  0.01358986  |  0.00500679  |   0.02360344   |  | 0.13518333 |
|    703    |  0.01645088  |  0.00762939  |   0.02789497   |  | 0.18072128 |
|    704    |  0.03838539  |  0.00953674  |   0.03862381   |  | 0.30565262 |
|    705    |  0.03671646  |  0.01049042  |   0.03695488   |  | 0.30803680 |
|    706    |  0.03719330  |  0.00786781  |   0.03647804   |  | 0.30350685 |
|    707    |  0.03743172  |  0.00858307  |   0.03790855   |  | 0.30684471 |
|    708    |  0.03242493  |  0.00596046  |   0.03123283   |  | 0.23555756 |
|    709    |  0.03886223  |  0.00596046  |   0.02908707   |  | 0.23841858 |
|    710    |  0.01454353  |  0.00596046  |   0.01978874   |  | 0.14805794 |
|    711    |  0.03814697  |  0.00834465  |   0.04768372   |  | 0.29301643 |
|    712    |  0.03910065  |  0.00977516  |   0.03838539   |  | 0.30779839 |
|    713    |  0.03671646  |  0.01931190  |   0.03552437   |  | 0.30922890 |
|    714    |  0.03099442  |  0.00572205  |   0.02837181   |  | 0.22745132 |
|    715    |  0.03194809  |  0.00596046  |   0.02932549   |  | 0.24294853 |
|    716    |  0.03170967  |  0.00596046  |   0.03910065   |  | 0.24271011 |
|    717    |  0.03767014  |  0.00762939  |   0.03671646   |  | 0.30446053 |
|    718    |  0.04220009  |  0.00596046  |   0.02908707   |  | 0.24509430 |
|    719    |  0.03218651  |  0.00596046  |   0.03838539   |  | 0.24318695 |
|    720    |  0.02074242  |  0.00953674  |   0.03528595   |  | 0.21028519 |
|    721    |  0.04768372  |  0.00834465  |   0.03576279   |  | 0.29468536 |
|    722    |  0.03862381  |  0.00929832  |   0.03862381   |  | 0.30612946 |
|    723    |  0.01955032  |  0.00762939  |   0.02694130   |  | 0.19264221 |
|    724    |  0.03218651  |  0.00596046  |   0.03504753   |  | 0.25129318 |
|    725    |  0.04911423  |  0.00977516  |   0.05269051   |  | 0.32210350 |
|    726    |  0.03385544  |  0.00596046  |   0.02861023   |  | 0.23293495 |
|    727    |  0.03242493  |  0.00548363  |   0.03933907   |  | 0.24247169 |
|    728    |  0.03218651  |  0.00548363  |   0.02908707   |  | 0.23913383 |
|    729    |  0.01502037  |  0.00715256  |   0.02956390   |  | 0.15616417 |
|    730    |  0.02145767  |  0.00929832  |   0.03504753   |  | 0.21028519 |
|    731    |  0.02121925  |  0.00953674  |   0.02956390   |  | 0.21433830 |
|    732    |  0.02002716  |  0.00834465  |   0.03170967   |  | 0.19359589 |
|    733    |  0.05292892  |  0.00786781  |   0.03576279   |  | 0.33068657 |
|    734    |  0.03957748  |  0.00834465  |   0.03910065   |  | 0.31137466 |
|    735    |  0.02121925  |  0.00953674  |   0.03457069   |  | 0.22983551 |
|    736    |  0.03647804  |  0.00786781  |   0.03623962   |  | 0.28157234 |
|    737    |  0.03647804  |  0.00786781  |   0.03552437   |  | 0.31590462 |
|    738    |  0.02121925  |  0.00810623  |   0.03552437   |  | 0.21171570 |
|    739    |  0.02121925  |  0.00929832  |   0.02956390   |  | 0.20551682 |
|    740    |  0.02169609  |  0.00810623  |   0.03218651   |  | 0.21195412 |
|    741    |  0.03790855  |  0.00834465  |   0.03576279   |  | 0.31495094 |
|    742    |  0.03886223  |  0.00882149  |   0.03910065   |  | 0.30040741 |
|    743    |  0.03790855  |  0.01978874  |   0.04243851   |  | 0.33235550 |
|    744    |  0.03695488  |  0.00834465  |   0.03552437   |  | 0.28848648 |
|    745    |  0.03790855  |  0.01001358  |   0.03862381   |  | 0.33473969 |
|    746    |  0.11515617  |  0.00691414  |   0.03886223   |  | 0.39744377 |
|    747    |  0.03886223  |  0.00858307  |   0.03790855   |  | 0.29993057 |
|    748    |  0.03886223  |  0.00786781  |   0.04768372   |  | 0.30064583 |
|    749    |  0.03838539  |  0.00739098  |   0.03671646   |  | 0.28729439 |
|    750    |  0.03910065  |  0.00810623  |   0.03814697   |  | 0.31065941 |
|    751    |  0.03695488  |  0.00858307  |   0.04792213   |  | 0.31709671 |
|    752    |  0.03838539  |  0.00762939  |   0.05102158   |  | 0.30207634 |
|    753    |  0.03886223  |  0.00810623  |   0.03790855   |  | 0.30779839 |
|    754    |  0.03790855  |  0.00929832  |   0.04053116   |  | 0.30517578 |
|    755    |  0.03790855  |  0.00858307  |   0.03552437   |  | 0.29110909 |
|    756    |  0.03743172  |  0.01096725  |   0.03552437   |  | 0.31924248 |
|    757    |  0.02145767  |  0.00834465  |   0.02932549   |  | 0.20432472 |
|    758    |  0.02145767  |  0.00882149  |   0.02932549   |  | 0.21004677 |
|    759    |  0.03194809  |  0.00548363  |   0.03886223   |  | 0.25010109 |
|    760    |  0.03671646  |  0.00786781  |   0.03600121   |  | 0.28777122 |
|    761    |  0.03743172  |  0.00762939  |   0.03552437   |  | 0.29039383 |
|    762    |  0.03838539  |  0.00858307  |   0.04124641   |  | 0.31137466 |
|    763    |  0.03504753  |  0.00834465  |   0.03743172   |  | 0.30279160 |
|    764    |  0.03623962  |  0.00905991  |   0.03528595   |  | 0.31661987 |
|    765    |  0.03767014  |  0.00786781  |   0.03576279   |  | 0.29444695 |
|    766    |  0.03886223  |  0.01001358  |   0.04720688   |  | 0.32162666 |
|    767    |  0.03790855  |  0.00858307  |   0.05102158   |  | 0.31828880 |
|    768    |  0.04959106  |  0.00858307  |   0.05245209   |  | 0.32997131 |
|    769    |  0.04053116  |  0.00858307  |   0.03838539   |  | 0.30612946 |
|    770    |  0.03600121  |  0.00810623  |   0.04839897   |  | 0.31518936 |
|    771    |  0.03790855  |  0.00762939  |   0.04863739   |  | 0.30350685 |
|    772    |  0.01978874  |  0.00882149  |   0.02932549   |  | 0.21791458 |
|    773    |  0.03862381  |  0.00929832  |   0.03886223   |  | 0.31781197 |
|    774    |  0.03767014  |  0.00762939  |   0.03600121   |  | 0.30326843 |
|    775    |  0.03623962  |  0.00762939  |   0.04768372   |  | 0.32567978 |
|    776    |  0.03957748  |  0.00596046  |   0.02884865   |  | 0.27418137 |
|    777    |  0.02741814  |  0.00977516  |   0.02932549   |  | 0.21815300 |
|    778    |  0.03814697  |  0.00762939  |   0.04839897   |  | 0.30326843 |
|    779    |  0.05173683  |  0.00834465  |   0.03838539   |  | 0.35333633 |
|    780    |  0.02765656  |  0.00667572  |   0.02717972   |  | 0.22411346 |
|    781    |  0.01883507  |  0.00596046  |   0.02551079   |  | 0.18715858 |
|    782    |  0.02050400  |  0.01072884  |   0.03361702   |  | 0.25653839 |
|    783    |  0.01883507  |  0.00667572  |   0.02622604   |  | 0.17929077 |
|    784    |  0.02360344  |  0.00572205  |   0.02217293   |  | 0.18215179 |
|    785    |  0.02217293  |  0.00810623  |   0.02765656   |  | 0.21433830 |
|    786    |  0.01120567  |  0.00882149  |   0.02217293   |  | 0.14185905 |
|    787    |  0.01454353  |  0.00715256  |   0.01955032   |  | 0.15044212 |
|    788    |  0.01597404  |  0.00572205  |   0.02121925   |  | 0.15926361 |
|    789    |  0.02169609  |  0.00858307  |   0.03433228   |  | 0.22292137 |
|    790    |  0.02217293  |  0.00929832  |   0.03051758   |  | 0.22721291 |
|    791    |  0.01454353  |  0.00596046  |   0.02288818   |  | 0.15330315 |
|    792    |  0.01454353  |  0.00596046  |   0.01978874   |  | 0.15568733 |
|    793    |  0.01096725  |  0.00476837  |   0.01811981   |  | 0.13256073 |
|    794    |  0.01454353  |  0.00596046  |   0.02741814   |  | 0.15068054 |
|    795    |  0.02098083  |  0.00810623  |   0.02956390   |  | 0.21982193 |
|    796    |  0.01502037  |  0.00596046  |   0.02002716   |  | 0.14615059 |
|    797    |  0.01478195  |  0.00596046  |   0.02384186   |  | 0.14734268 |
|    798    |  0.01502037  |  0.00596046  |   0.02026558   |  | 0.14662743 |
|    799    |  0.01883507  |  0.00929832  |   0.03194809   |  | 0.22387505 |
|    800    |  0.02193451  |  0.00882149  |   0.02980232   |  | 0.21576881 |
|    801    |  0.01192093  |  0.00548363  |   0.01835823   |  | 0.13542175 |
|    802    |  0.01502037  |  0.00548363  |   0.02908707   |  | 0.15425682 |
|    803    |  0.02145767  |  0.00858307  |   0.02932549   |  | 0.22506714 |
|    804    |  0.02193451  |  0.00834465  |   0.02956390   |  | 0.22029877 |
|    805    |  0.02241135  |  0.00882149  |   0.03576279   |  | 0.22339821 |
|    806    |  0.02193451  |  0.00834465  |   0.03004074   |  | 0.22029877 |
|    807    |  0.02193451  |  0.01406670  |   0.02980232   |  | 0.22792816 |
|    808    |  0.02169609  |  0.00786781  |   0.02050400   |  | 0.93388557 |
|    809    |  0.02193451  |  0.00905991  |   0.02980232   |  | 0.22673607 |
|    810    |  0.02145767  |  0.00858307  |   0.03504753   |  | 0.21624565 |
|    811    |  0.02145767  |  0.00858307  |   0.02932549   |  | 0.22125244 |
|    812    |  0.02145767  |  0.00882149  |   0.02908707   |  | 0.21076202 |
|    813    |  0.02241135  |  0.01025200  |   0.03314018   |  | 0.23603439 |
|    814    |  0.02098083  |  0.00786781  |   0.02884865   |  | 0.21076202 |
|    815    |  0.02145767  |  0.01406670  |   0.02884865   |  | 0.21672249 |
|    816    |  0.02121925  |  0.00953674  |   0.02884865   |  | 0.21862984 |
|    817    |  0.02193451  |  0.00882149  |   0.02956390   |  | 0.21529198 |
|    818    |  0.02169609  |  0.00905991  |   0.03600121   |  | 0.22077560 |
|    819    |  0.02145767  |  0.00882149  |   0.02980232   |  | 0.21862984 |
|    820    |  0.02717972  |  0.00858307  |   0.02932549   |  | 0.21719933 |
|    821    |  0.02169609  |  0.00882149  |   0.03504753   |  | 0.22387505 |
|    822    |  0.02121925  |  0.00834465  |   0.02956390   |  | 0.21195412 |
|    823    |  0.02121925  |  0.00929832  |   0.02980232   |  | 0.22149086 |
|    824    |  0.02145767  |  0.00929832  |   0.02932549   |  | 0.21600723 |
|    825    |  0.01454353  |  0.00572205  |   0.02026558   |  | 0.15068054 |
|    826    |  0.02169609  |  0.01049042  |   0.04029274   |  | 0.23579597 |
|    827    |  0.02169609  |  0.00882149  |   0.02932549   |  | 0.21409988 |
|    828    |  0.02694130  |  0.00977516  |   0.02956390   |  | 0.21791458 |
|    829    |  0.02145767  |  0.00858307  |   0.03457069   |  | 0.21743774 |
|    830    |  0.02121925  |  0.00905991  |   0.02884865   |  | 0.21338463 |
|    831    |  0.02670288  |  0.00953674  |   0.02932549   |  | 0.22411346 |
|    832    |  0.02145767  |  0.01668930  |   0.03480911   |  | 0.22840500 |
|    833    |  0.02145767  |  0.00905991  |   0.02980232   |  | 0.21362305 |
|    834    |  0.02145767  |  0.00905991  |   0.03600121   |  | 0.24223328 |
|    835    |  0.02169609  |  0.00905991  |   0.02956390   |  | 0.21815300 |
|    836    |  0.02193451  |  0.00596046  |   0.02360344   |  | 0.19741058 |
|    837    |  0.02145767  |  0.00882149  |   0.03552437   |  | 0.21910667 |
|    838    |  0.02169609  |  0.00858307  |   0.02932549   |  | 0.21171570 |
|    839    |  0.02646446  |  0.00834465  |   0.02932549   |  | 0.21815300 |
|    840    |  0.02145767  |  0.00905991  |   0.03504753   |  | 0.21696091 |
|    841    |  0.02050400  |  0.00810623  |   0.02884865   |  | 0.20885468 |
|    842    |  0.01716614  |  0.00643730  |   0.02074242   |  | 0.15163422 |
|    843    |  0.02264977  |  0.00977516  |   0.03075600   |  | 0.23174286 |
|    844    |  0.01549721  |  0.00643730  |   0.02145767   |  | 0.15854836 |
|    845    |  0.02217293  |  0.00882149  |   0.03552437   |  | 0.22459030 |
|    846    |  0.01478195  |  0.00524521  |   0.01811981   |  | 0.14281273 |
|    847    |  0.03314018  |  0.00905991  |   0.03218651   |  | 0.27227402 |
|    848    |  0.02932549  |  0.00858307  |   0.03695488   |  | 0.26011467 |
|    849    |  0.02217293  |  0.00882149  |   0.02932549   |  | 0.24294853 |
|    850    |  0.02217293  |  0.00834465  |   0.02932549   |  | 0.22268295 |
|    851    |  0.03075600  |  0.00858307  |   0.02884865   |  | 0.23722649 |
|    852    |  0.02288818  |  0.00953674  |   0.03051758   |  | 0.24795532 |
|    853    |  0.02288818  |  0.00882149  |   0.03504753   |  | 0.23841858 |
|    854    |  0.02121925  |  0.00858307  |   0.03123283   |  | 0.22697449 |
|    855    |  0.02121925  |  0.00858307  |   0.02956390   |  | 0.22673607 |
|    856    |  0.02241135  |  0.00929832  |   0.03695488   |  | 0.23531914 |
|    857    |  0.01740456  |  0.00619888  |   0.01955032   |  | 0.17189980 |
|    858    |  0.02360344  |  0.01192093  |   0.03123283   |  | 0.25391579 |
|    859    |  0.02217293  |  0.00929832  |   0.03886223   |  | 0.23388863 |
|    860    |  0.02193451  |  0.00882149  |   0.03027916   |  | 0.22745132 |
|    861    |  0.01931190  |  0.00548363  |   0.02384186   |  | 0.17261505 |
|    862    |  0.01978874  |  0.00524521  |   0.01907349   |  | 0.16617775 |
|    863    |  0.00977516  |  0.00476837  |   0.01573563   |  | 0.13661385 |
|    864    |  0.01263618  |  0.00739098  |   0.02908707   |  | 0.19550323 |
|    865    |  0.02264977  |  0.00929832  |   0.03004074   |  | 0.24890900 |
|    866    |  0.02288818  |  0.01811981  |   0.03099442   |  | 0.24390221 |
|    867    |  0.02312660  |  0.00905991  |   0.03623962   |  | 0.25320053 |
|    868    |  0.02551079  |  0.00834465  |   0.03027916   |  | 0.22912025 |
|    869    |  0.01978874  |  0.00786781  |   0.03290176   |  | 0.21028519 |
|    870    |  0.03933907  |  0.00882149  |   0.03886223   |  | 0.33378601 |
|    871    |  0.04172325  |  0.07987022  |   0.05269051   |  | 0.41270256 |
|    872    |  0.03743172  |  0.00739098  |   0.03957748   |  | 0.30350685 |
|    873    |  0.03910065  |  0.00882149  |   0.03886223   |  | 0.34713745 |
|    874    |  0.03933907  |  0.00977516  |   0.03910065   |  | 0.33521652 |
|    875    |  0.03862381  |  0.00882149  |   0.03647804   |  | 0.31471252 |
|    876    |  0.02026558  |  0.00786781  |   0.02765656   |  | 0.21052361 |
|    877    |  0.04959106  |  0.00762939  |   0.03886223   |  | 0.33950806 |
|    878    |  0.03886223  |  0.00858307  |   0.03886223   |  | 0.33473969 |
|    879    |  0.04029274  |  0.00786781  |   0.03528595   |  | 0.30755997 |
|    880    |  0.05292892  |  0.00762939  |   0.04792213   |  | 0.32758713 |
|    881    |  0.03743172  |  0.00762939  |   0.03671646   |  | 0.30279160 |
|    882    |  0.02217293  |  0.00929832  |   0.03004074   |  | 0.21934509 |
|    883    |  0.03814697  |  0.00810623  |   0.03838539   |  | 0.31781197 |
|    884    |  0.03767014  |  0.00786781  |   0.03623962   |  | 0.30422211 |
|    885    |  0.03719330  |  0.00762939  |   0.04863739   |  | 0.31638145 |
|    886    |  0.03457069  |  0.00524521  |   0.02741814   |  | 0.23937225 |
|    887    |  0.02336502  |  0.01049042  |   0.03099442   |  | 0.26440620 |
|    888    |  0.02264977  |  0.00905991  |   0.03695488   |  | 0.25343895 |
|    889    |  0.02217293  |  0.00905991  |   0.03004074   |  | 0.22315979 |
|    890    |  0.02098083  |  0.00929832  |   0.02908707   |  | 0.21791458 |
|    891    |  0.02098083  |  0.00858307  |   0.03218651   |  | 0.22172928 |
|    892    |  0.01311302  |  0.00500679  |   0.01764297   |  | 0.13327599 |
|    893    |  0.02121925  |  0.00810623  |   0.03409386   |  | 0.21791458 |
|    894    |  0.02717972  |  0.00905991  |   0.03004074   |  | 0.23531914 |
|    895    |  0.02098083  |  0.00858307  |   0.03004074   |  | 0.22006035 |
|    896    |  0.03838539  |  0.00596046  |   0.03647804   |  | 0.31924248 |
|    897    |  0.03933907  |  0.00524521  |   0.02741814   |  | 0.30398369 |
|    898    |  0.03910065  |  0.00953674  |   0.03886223   |  | 0.33879280 |
|    899    |  0.03719330  |  0.00786781  |   0.04911423   |  | 0.33426285 |
|    900    |  0.03671646  |  0.00762939  |   0.05054474   |  | 0.31805038 |
|    901    |  0.02002716  |  0.00810623  |   0.03409386   |  | 0.20718575 |
|    902    |  0.03814697  |  0.00929832  |   0.04124641   |  | 0.33950806 |
|    903    |  0.03743172  |  0.00715256  |   0.03504753   |  | 0.31518936 |
|    904    |  0.03099442  |  0.00762939  |   0.04720688   |  | 0.30350685 |
|    905    |  0.03075600  |  0.00524521  |   0.02694130   |  | 0.23698807 |
|    906    |  0.03862381  |  0.00953674  |   0.04577637   |  | 0.34594536 |
|    907    |  0.03814697  |  0.01049042  |   0.06699562   |  | 0.35095215 |
|    908    |  0.03814697  |  0.00810623  |   0.03576279   |  | 0.32830238 |
|    909    |  0.03004074  |  0.00715256  |   0.02622604   |  | 0.24914742 |
|    910    |  0.02694130  |  0.00858307  |   0.03027916   |  | 0.23961067 |
|    911    |  0.03075600  |  0.00500679  |   0.02694130   |  | 0.24509430 |
|    912    |  0.03671646  |  0.00786781  |   0.04744530   |  | 0.32687187 |
|    913    |  0.03647804  |  0.00858307  |   0.03671646   |  | 0.29516220 |
|    914    |  0.05149841  |  0.00810623  |   0.03576279   |  | 0.33497810 |
|    915    |  0.04005432  |  0.00500679  |   0.02813339   |  | 0.24890900 |
|    916    |  0.03027916  |  0.00572205  |   0.02598763   |  | 0.23794174 |
|    917    |  0.03600121  |  0.02050400  |   0.03528595   |  | 0.29373169 |
|    918    |  0.05531311  |  0.00786781  |   0.03552437   |  | 0.33354759 |
|    919    |  0.03743172  |  0.00762939  |   0.03671646   |  | 0.31518936 |
|    920    |  0.01311302  |  0.00524521  |   0.01811981   |  | 0.13160706 |
|    921    |  0.02002716  |  0.00762939  |   0.02717972   |  | 0.20051003 |
|    922    |  0.04839897  |  0.00762939  |   0.03647804   |  | 0.33497810 |
|    923    |  0.03647804  |  0.00786781  |   0.06222725   |  | 0.32973289 |
|    924    |  0.03671646  |  0.00882149  |   0.03528595   |  | 0.30875206 |
|    925    |  0.03695488  |  0.00834465  |   0.03576279   |  | 0.33640862 |
|    926    |  0.04959106  |  0.00810623  |   0.03600121   |  | 0.33879280 |
|    927    |  0.03433228  |  0.00572205  |   0.02861023   |  | 0.29373169 |
|    928    |  0.03218651  |  0.00619888  |   0.04243851   |  | 0.31280518 |
|    929    |  0.03767014  |  0.00619888  |   0.02932549   |  | 0.29945374 |
|    930    |  0.04172325  |  0.00619888  |   0.02861023   |  | 0.26369095 |
|    931    |  0.03743172  |  0.00834465  |   0.04935265   |  | 0.33259392 |
|    932    |  0.03695488  |  0.00762939  |   0.03480911   |  | 0.30374527 |
|    933    |  0.03695488  |  0.00834465  |   0.03147125   |  | 0.31542778 |
|    934    |  0.03671646  |  0.07653236  |   0.03981590   |  | 0.38218498 |
|    935    |  0.03838539  |  0.01049042  |   0.04887581   |  | 0.34451485 |
|    936    |  0.03743172  |  0.00762939  |   0.04744530   |  | 0.31900406 |
|    937    |  0.03767014  |  0.00739098  |   0.03647804   |  | 0.32258034 |
|    938    |  0.03719330  |  0.00810623  |   0.03862381   |  | 0.33092499 |
|    939    |  0.02026558  |  0.00786781  |   0.03266335   |  | 0.21815300 |
|    940    |  0.03767014  |  0.00786781  |   0.03457069   |  | 0.30827522 |
|    941    |  0.05292892  |  0.00762939  |   0.03600121   |  | 0.32877922 |
|    942    |  0.03647804  |  0.00762939  |   0.04768372   |  | 0.32806396 |
|    943    |  0.03480911  |  0.00619888  |   0.02932549   |  | 0.30636787 |
|    944    |  0.03743172  |  0.00953674  |   0.04220009   |  | 0.32448769 |
|    945    |  0.04220009  |  0.00786781  |   0.03623962   |  | 0.33092499 |
|    946    |  0.03695488  |  0.01406670  |   0.03790855   |  | 0.33974648 |
|    947    |  0.03838539  |  0.00786781  |   0.04768372   |  | 0.32186508 |
|    948    |  0.03623962  |  0.00762939  |   0.03576279   |  | 0.35357475 |
|    949    |  0.02026558  |  0.00572205  |   0.01978874   |  | 0.15664101 |
|    950    |  0.03790855  |  0.00572205  |   0.03957748   |  | 0.31208992 |
|    951    |  0.04863739  |  0.00834465  |   0.03623962   |  | 0.33593178 |
|    952    |  0.03814697  |  0.00762939  |   0.04744530   |  | 0.32210350 |
|    953    |  0.03623962  |  0.00739098  |   0.03623962   |  | 0.30708313 |
|    954    |  0.02026558  |  0.00786781  |   0.02741814   |  | 0.21505356 |
|    955    |  0.03576279  |  0.00762939  |   0.04053116   |  | 0.32949448 |
|    956    |  0.03623962  |  0.00786781  |   0.04982948   |  | 0.32234192 |
|    957    |  0.03767014  |  0.00882149  |   0.03743172   |  | 0.33879280 |
|    958    |  0.03671646  |  0.00977516  |   0.03767014   |  | 0.32806396 |
|    959    |  0.04005432  |  0.01287460  |   0.03743172   |  | 0.35715103 |
|    960    |  0.03266335  |  0.01072884  |   0.02861023   |  | 0.27179718 |
|    961    |  0.03266335  |  0.00643730  |   0.02908707   |  | 0.25987625 |
|    962    |  0.03647804  |  0.00739098  |   0.03552437   |  | 0.33235550 |
|    963    |  0.03123283  |  0.00619888  |   0.03170967   |  | 0.26607513 |
|    964    |  0.03075600  |  0.00619888  |   0.02861023   |  | 0.26369095 |
|    965    |  0.03623962  |  0.00786781  |   0.03504753   |  | 0.32401085 |
|    966    |  0.03623962  |  0.00834465  |   0.04696846   |  | 0.34785271 |
|    967    |  0.03218651  |  0.00619888  |   0.02861023   |  | 0.25796890 |
|    968    |  0.03194809  |  0.01597404  |   0.02884865   |  | 0.27632713 |
|    969    |  0.03695488  |  0.00786781  |   0.03576279   |  | 0.31518936 |
|    970    |  0.03719330  |  0.00762939  |   0.03528595   |  | 0.31948090 |
|    971    |  0.03838539  |  0.00858307  |   0.04673004   |  | 0.33760071 |
|    972    |  0.03385544  |  0.00572205  |   0.02813339   |  | 0.29492378 |
|    973    |  0.04029274  |  0.00786781  |   0.03647804   |  | 0.32234192 |
|    974    |  0.03814697  |  0.00858307  |   0.04768372   |  | 0.35572052 |
|    975    |  0.03886223  |  0.00834465  |   0.03671646   |  | 0.32615662 |
|    976    |  0.03838539  |  0.00953674  |   0.03862381   |  | 0.35071373 |
|    977    |  0.03695488  |  0.00762939  |   0.03671646   |  | 0.33211708 |
|    978    |  0.03600121  |  0.00786781  |   0.03600121   |  | 0.32496452 |
|    979    |  0.03719330  |  0.00858307  |   0.05006790   |  | 0.34523010 |
|    980    |  0.03743172  |  0.00905991  |   0.03695488   |  | 0.34141541 |
|    981    |  0.03480911  |  0.00524521  |   0.02908707   |  | 0.26369095 |
|    982    |  0.03814697  |  0.00810623  |   0.04887581   |  | 0.35262108 |
|    983    |  0.03933907  |  0.00858307  |   0.03981590   |  | 0.33473969 |
|    984    |  0.03647804  |  0.00834465  |   0.03600121   |  | 0.32019615 |
|    985    |  0.03695488  |  0.00882149  |   0.06604195   |  | 0.36501884 |
|    986    |  0.04124641  |  0.00905991  |   0.03862381   |  | 0.33569336 |
|    987    |  0.05102158  |  0.00882149  |   0.04172325   |  | 0.36096573 |
|    988    |  0.03743172  |  0.00762939  |   0.03600121   |  | 0.31590462 |
|    989    |  0.03194809  |  0.00572205  |   0.03409386   |  | 0.26774406 |
|    990    |  0.01358986  |  0.00548363  |   0.01955032   |  | 0.14448166 |
|    991    |  0.01358986  |  0.00691414  |   0.02288818   |  | 0.17762184 |
|    992    |  0.02002716  |  0.00882149  |   0.02694130   |  | 0.21338463 |
|    993    |  0.03862381  |  0.00882149  |   0.04816055   |  | 0.33283234 |
|    994    |  0.03695488  |  0.00786781  |   0.03623962   |  | 0.32711029 |
|    995    |  0.03266335  |  0.00572205  |   0.04053116   |  | 0.30326843 |
|    996    |  0.04959106  |  0.00858307  |   0.03504753   |  | 0.33783913 |
|    997    |  0.03790855  |  0.07438660  |   0.03647804   |  | 0.42915344 |
|    998    |  0.04315376  |  0.00810623  |   0.04792213   |  | 0.33736229 |
|    999    |  0.03767014  |  0.00810623  |   0.03671646   |  | 0.31828880 |
|    1000   |  0.03814697  |  0.00810623  |   0.03695488   |  | 0.33307076 |
+-----------+--------------+--------------+----------------+--+------------+
|  Average  |  0.02871680  |  0.00793743  |   0.03202033   |  | 0.21357393 |
+-----------+--------------+--------------+----------------+--+------------+
Decrypt avg time + Encrypt avg time + SV Update avg time: 0.06867456 ms
